<?xml version="1.0" encoding="UTF-8"?>
<testsuite name="com.chahoo.u4d.api.account.ApiAccountControllerTest" time="0.005" tests="2" errors="2" skipped="0" failures="0">
  <properties>
[...]
</properties>
  <testcase name="사용자등록" classname="com.chahoo.u4d.api.account.ApiAccountControllerTest" time="0.005">
    <error message="com.fasterxml.classmate.TypeBindings.withAdditionalBinding(Ljava/lang/String;Lcom/fasterxml/classmate/ResolvedType;)Lcom/fasterxml/classmate/TypeBindings;" type="java.lang.NoSuchMethodError">java.lang.NoSuchMethodError: com.fasterxml.classmate.TypeBindings.withAdditionalBinding(Ljava/lang/String;Lcom/fasterxml/classmate/ResolvedType;)Lcom/fasterxml/classmate/TypeBindings;
	at springfox.documentation.schema.WildcardType.adjustedTypeBindings(WildcardType.java:137)
	at springfox.documentation.schema.WildcardType.breadthFirstSearch(WildcardType.java:117)
	at springfox.documentation.schema.WildcardType.collectReplaceables(WildcardType.java:74)
	at springfox.documentation.schema.AlternateTypeRule.alternateFor(AlternateTypeRule.java:50)
	at springfox.documentation.spi.schema.AlternateTypeProvider.alternateFor(AlternateTypeProvider.java:44)
	at springfox.documentation.spi.service.contexts.RequestMappingContext.alternateFor(RequestMappingContext.java:118)
	at springfox.documentation.spring.web.readers.operation.OperationModelsProvider.collectFromReturnType(OperationModelsProvider.java:70)
	at springfox.documentation.spring.web.readers.operation.OperationModelsProvider.apply(OperationModelsProvider.java:59)
	at springfox.documentation.spring.web.plugins.DocumentationPluginsManager.modelContexts(DocumentationPluginsManager.java:129)
	at springfox.documentation.spring.web.scanners.ApiModelReader.read(ApiModelReader.java:62)
	at springfox.documentation.spring.web.scanners.ApiListingScanner.scan(ApiListingScanner.java:91)
	at springfox.documentation.spring.web.scanners.ApiDocumentationScanner.scan(ApiDocumentationScanner.java:62)
	at springfox.documentation.spring.web.plugins.DocumentationPluginsBootstrapper.scanDocumentation(DocumentationPluginsBootstrapper.java:101)
	at springfox.documentation.spring.web.plugins.DocumentationPluginsBootstrapper.onApplicationEvent(DocumentationPluginsBootstrapper.java:87)
	at springfox.documentation.spring.web.plugins.DocumentationPluginsBootstrapper.onApplicationEvent(DocumentationPluginsBootstrapper.java:50)
	at org.springframework.context.event.SimpleApplicationEventMulticaster.invokeListener(SimpleApplicationEventMulticaster.java:167)
	at org.springframework.context.event.SimpleApplicationEventMulticaster.multicastEvent(SimpleApplicationEventMulticaster.java:139)
	at org.springframework.context.support.AbstractApplicationContext.publishEvent(AbstractApplicationContext.java:383)
	at org.springframework.context.support.AbstractApplicationContext.publishEvent(AbstractApplicationContext.java:337)
	at org.springframework.context.support.AbstractApplicationContext.finishRefresh(AbstractApplicationContext.java:882)
	at org.springframework.context.support.AbstractApplicationContext.refresh(AbstractApplicationContext.java:545)
	at org.springframework.boot.SpringApplication.refresh(SpringApplication.java:737)
	at org.springframework.boot.SpringApplication.refreshContext(SpringApplication.java:370)
	at org.springframework.boot.SpringApplication.run(SpringApplication.java:314)
	at org.springframework.boot.test.context.SpringBootContextLoader.loadContext(SpringBootContextLoader.java:120)
	at org.springframework.test.context.cache.DefaultCacheAwareContextLoaderDelegate.loadContextInternal(DefaultCacheAwareContextLoaderDelegate.java:98)
	at org.springframework.test.context.cache.DefaultCacheAwareContextLoaderDelegate.loadContext(DefaultCacheAwareContextLoaderDelegate.java:116)
	at org.springframework.test.context.support.DefaultTestContext.getApplicationContext(DefaultTestContext.java:83)
	at org.springframework.test.context.web.ServletTestExecutionListener.setUpRequestContextIfNecessary(ServletTestExecutionListener.java:189)
	at org.springframework.test.context.web.ServletTestExecutionListener.prepareTestInstance(ServletTestExecutionListener.java:131)
	at org.springframework.test.context.TestContextManager.prepareTestInstance(TestContextManager.java:230)
	at org.springframework.test.context.junit4.SpringJUnit4ClassRunner.createTest(SpringJUnit4ClassRunner.java:228)
	at org.springframework.test.context.junit4.SpringJUnit4ClassRunner$1.runReflectiveCall(SpringJUnit4ClassRunner.java:287)
	at org.junit.internal.runners.model.ReflectiveCallable.run(ReflectiveCallable.java:12)
	at org.springframework.test.context.junit4.SpringJUnit4ClassRunner.methodBlock(SpringJUnit4ClassRunner.java:289)
	at org.springframework.test.context.junit4.SpringJUnit4ClassRunner.runChild(SpringJUnit4ClassRunner.java:247)
	at org.springframework.test.context.junit4.SpringJUnit4ClassRunner.runChild(SpringJUnit4ClassRunner.java:94)
	at org.junit.runners.ParentRunner$3.run(ParentRunner.java:290)
	at org.junit.runners.ParentRunner$1.schedule(ParentRunner.java:71)
	at org.junit.runners.ParentRunner.runChildren(ParentRunner.java:288)
	at org.junit.runners.ParentRunner.access$000(ParentRunner.java:58)
	at org.junit.runners.ParentRunner$2.evaluate(ParentRunner.java:268)
	at org.springframework.test.context.junit4.statements.RunBeforeTestClassCallbacks.evaluate(RunBeforeTestClassCallbacks.java:61)
	at org.springframework.test.context.junit4.statements.RunAfterTestClassCallbacks.evaluate(RunAfterTestClassCallbacks.java:70)
	at org.junit.runners.ParentRunner.run(ParentRunner.java:363)
	at org.springframework.test.context.junit4.SpringJUnit4ClassRunner.run(SpringJUnit4ClassRunner.java:191)
	at org.apache.maven.surefire.junit4.JUnit4Provider.execute(JUnit4Provider.java:283)
	at org.apache.maven.surefire.junit4.JUnit4Provider.executeWithRerun(JUnit4Provider.java:173)
	at org.apache.maven.surefire.junit4.JUnit4Provider.executeTestSet(JUnit4Provider.java:153)
	at org.apache.maven.surefire.junit4.JUnit4Provider.invoke(JUnit4Provider.java:128)
	at org.apache.maven.surefire.booter.ForkedBooter.invokeProviderInSameClassLoader(ForkedBooter.java:203)
	at org.apache.maven.surefire.booter.ForkedBooter.runSuitesInProcess(ForkedBooter.java:155)
	at org.apache.maven.surefire.booter.ForkedBooter.main(ForkedBooter.java:103)
</error>
    <system-out><![CDATA[09:14:00.595 [main] DEBUG org.springframework.test.context.junit4.SpringJUnit4ClassRunner - SpringJUnit4ClassRunner constructor called with [class com.chahoo.u4d.api.account.ApiAccountControllerTest]
09:14:00.602 [main] DEBUG org.springframework.test.context.BootstrapUtils - Instantiating CacheAwareContextLoaderDelegate from class [org.springframework.test.context.cache.DefaultCacheAwareContextLoaderDelegate]
09:14:00.609 [main] DEBUG org.springframework.test.context.BootstrapUtils - Instantiating BootstrapContext using constructor [public org.springframework.test.context.support.DefaultBootstrapContext(java.lang.Class,org.springframework.test.context.CacheAwareContextLoaderDelegate)]
09:14:00.624 [main] DEBUG org.springframework.test.context.BootstrapUtils - Instantiating TestContextBootstrapper for test class [com.chahoo.u4d.api.account.ApiAccountControllerTest] from class [org.springframework.boot.test.context.SpringBootTestContextBootstrapper]
09:14:00.636 [main] INFO org.springframework.boot.test.context.SpringBootTestContextBootstrapper - Neither @ContextConfiguration nor @ContextHierarchy found for test class [com.chahoo.u4d.api.account.ApiAccountControllerTest], using SpringBootContextLoader
09:14:00.641 [main] DEBUG org.springframework.test.context.support.AbstractContextLoader - Did not detect default resource location for test class [com.chahoo.u4d.api.account.ApiAccountControllerTest]: class path resource [com/chahoo/u4d/api/account/ApiAccountControllerTest-context.xml] does not exist
09:14:00.641 [main] DEBUG org.springframework.test.context.support.AbstractContextLoader - Did not detect default resource location for test class [com.chahoo.u4d.api.account.ApiAccountControllerTest]: class path resource [com/chahoo/u4d/api/account/ApiAccountControllerTestContext.groovy] does not exist
09:14:00.642 [main] INFO org.springframework.test.context.support.AbstractContextLoader - Could not detect default resource locations for test class [com.chahoo.u4d.api.account.ApiAccountControllerTest]: no resource found for suffixes {-context.xml, Context.groovy}.
09:14:00.683 [main] DEBUG org.springframework.test.context.support.ActiveProfilesUtils - Could not find an 'annotation declaring class' for annotation type [org.springframework.test.context.ActiveProfiles] and class [com.chahoo.u4d.api.account.ApiAccountControllerTest]
09:14:00.711 [main] DEBUG org.springframework.boot.test.context.SpringBootTestContextBootstrapper - @TestExecutionListeners is not present for class [com.chahoo.u4d.api.account.ApiAccountControllerTest]: using defaults.
09:14:00.716 [main] INFO org.springframework.boot.test.context.SpringBootTestContextBootstrapper - Loaded default TestExecutionListener class names from location [META-INF/spring.factories]: [org.springframework.boot.test.mock.mockito.MockitoTestExecutionListener, org.springframework.boot.test.mock.mockito.ResetMocksTestExecutionListener, org.springframework.boot.test.autoconfigure.restdocs.RestDocsTestExecutionListener, org.springframework.boot.test.autoconfigure.web.client.MockRestServiceServerResetTestExecutionListener, org.springframework.boot.test.autoconfigure.web.servlet.MockMvcPrintOnlyOnFailureTestExecutionListener, org.springframework.boot.test.autoconfigure.web.servlet.WebDriverTestExecutionListener, org.springframework.test.context.web.ServletTestExecutionListener, org.springframework.test.context.support.DirtiesContextBeforeModesTestExecutionListener, org.springframework.test.context.support.DependencyInjectionTestExecutionListener, org.springframework.test.context.support.DirtiesContextTestExecutionListener, org.springframework.test.context.transaction.TransactionalTestExecutionListener, org.springframework.test.context.jdbc.SqlScriptsTestExecutionListener, org.springframework.security.test.context.support.WithSecurityContextTestExecutionListener]
09:14:00.743 [main] INFO org.springframework.boot.test.context.SpringBootTestContextBootstrapper - Using TestExecutionListeners: [org.springframework.test.context.web.ServletTestExecutionListener@7181ae3f, org.springframework.test.context.support.DirtiesContextBeforeModesTestExecutionListener@46238e3f, org.springframework.boot.test.autoconfigure.SpringBootDependencyInjectionTestExecutionListener@6e2c9341, org.springframework.test.context.support.DirtiesContextTestExecutionListener@32464a14, org.springframework.test.context.transaction.TransactionalTestExecutionListener@4e4aea35, org.springframework.test.context.jdbc.SqlScriptsTestExecutionListener@1442d7b5, org.springframework.security.test.context.support.WithSecurityContextTestExecutionListener@1efee8e7, org.springframework.boot.test.autoconfigure.restdocs.RestDocsTestExecutionListener@1ee807c6, org.springframework.boot.test.autoconfigure.web.client.MockRestServiceServerResetTestExecutionListener@76a4d6c, org.springframework.boot.test.mock.mockito.ResetMocksTestExecutionListener@517cd4b, org.springframework.boot.test.autoconfigure.web.servlet.WebDriverTestExecutionListener@6cc7b4de, org.springframework.boot.test.autoconfigure.web.servlet.MockMvcPrintOnlyOnFailureTestExecutionListener@32cf48b7, org.springframework.boot.test.mock.mockito.MockitoTestExecutionListener@679b62af]
09:14:00.747 [main] DEBUG org.springframework.test.context.junit4.SpringJUnit4ClassRunner - SpringJUnit4ClassRunner constructor called with [class com.chahoo.u4d.api.buildInfo.BuildInfoControllerTest]
09:14:00.748 [main] DEBUG org.springframework.test.context.BootstrapUtils - Instantiating CacheAwareContextLoaderDelegate from class [org.springframework.test.context.cache.DefaultCacheAwareContextLoaderDelegate]
09:14:00.748 [main] DEBUG org.springframework.test.context.BootstrapUtils - Instantiating BootstrapContext using constructor [public org.springframework.test.context.support.DefaultBootstrapContext(java.lang.Class,org.springframework.test.context.CacheAwareContextLoaderDelegate)]
09:14:00.748 [main] DEBUG org.springframework.test.context.BootstrapUtils - Instantiating TestContextBootstrapper for test class [com.chahoo.u4d.api.buildInfo.BuildInfoControllerTest] from class [org.springframework.boot.test.context.SpringBootTestContextBootstrapper]
09:14:00.749 [main] INFO org.springframework.boot.test.context.SpringBootTestContextBootstrapper - Neither @ContextConfiguration nor @ContextHierarchy found for test class [com.chahoo.u4d.api.buildInfo.BuildInfoControllerTest], using SpringBootContextLoader
09:14:00.750 [main] DEBUG org.springframework.test.context.support.AbstractContextLoader - Did not detect default resource location for test class [com.chahoo.u4d.api.buildInfo.BuildInfoControllerTest]: class path resource [com/chahoo/u4d/api/buildInfo/BuildInfoControllerTest-context.xml] does not exist
09:14:00.750 [main] DEBUG org.springframework.test.context.support.AbstractContextLoader - Did not detect default resource location for test class [com.chahoo.u4d.api.buildInfo.BuildInfoControllerTest]: class path resource [com/chahoo/u4d/api/buildInfo/BuildInfoControllerTestContext.groovy] does not exist
09:14:00.750 [main] INFO org.springframework.test.context.support.AbstractContextLoader - Could not detect default resource locations for test class [com.chahoo.u4d.api.buildInfo.BuildInfoControllerTest]: no resource found for suffixes {-context.xml, Context.groovy}.
09:14:00.756 [main] DEBUG org.springframework.test.context.support.ActiveProfilesUtils - Could not find an 'annotation declaring class' for annotation type [org.springframework.test.context.ActiveProfiles] and class [com.chahoo.u4d.api.buildInfo.BuildInfoControllerTest]
09:14:00.759 [main] DEBUG org.springframework.boot.test.context.SpringBootTestContextBootstrapper - @TestExecutionListeners is not present for class [com.chahoo.u4d.api.buildInfo.BuildInfoControllerTest]: using defaults.
09:14:00.763 [main] INFO org.springframework.boot.test.context.SpringBootTestContextBootstrapper - Loaded default TestExecutionListener class names from location [META-INF/spring.factories]: [org.springframework.boot.test.mock.mockito.MockitoTestExecutionListener, org.springframework.boot.test.mock.mockito.ResetMocksTestExecutionListener, org.springframework.boot.test.autoconfigure.restdocs.RestDocsTestExecutionListener, org.springframework.boot.test.autoconfigure.web.client.MockRestServiceServerResetTestExecutionListener, org.springframework.boot.test.autoconfigure.web.servlet.MockMvcPrintOnlyOnFailureTestExecutionListener, org.springframework.boot.test.autoconfigure.web.servlet.WebDriverTestExecutionListener, org.springframework.test.context.web.ServletTestExecutionListener, org.springframework.test.context.support.DirtiesContextBeforeModesTestExecutionListener, org.springframework.test.context.support.DependencyInjectionTestExecutionListener, org.springframework.test.context.support.DirtiesContextTestExecutionListener, org.springframework.test.context.transaction.TransactionalTestExecutionListener, org.springframework.test.context.jdbc.SqlScriptsTestExecutionListener, org.springframework.security.test.context.support.WithSecurityContextTestExecutionListener]
09:14:00.767 [main] INFO org.springframework.boot.test.context.SpringBootTestContextBootstrapper - Using TestExecutionListeners: [org.springframework.test.context.web.ServletTestExecutionListener@3d36e4cd, org.springframework.test.context.support.DirtiesContextBeforeModesTestExecutionListener@6a472554, org.springframework.boot.test.autoconfigure.SpringBootDependencyInjectionTestExecutionListener@7ff2a664, org.springframework.test.context.support.DirtiesContextTestExecutionListener@525b461a, org.springframework.test.context.transaction.TransactionalTestExecutionListener@58c1c010, org.springframework.test.context.jdbc.SqlScriptsTestExecutionListener@b7f23d9, org.springframework.security.test.context.support.WithSecurityContextTestExecutionListener@61d47554, org.springframework.boot.test.autoconfigure.restdocs.RestDocsTestExecutionListener@69b794e2, org.springframework.boot.test.autoconfigure.web.client.MockRestServiceServerResetTestExecutionListener@3f200884, org.springframework.boot.test.mock.mockito.ResetMocksTestExecutionListener@4d339552, org.springframework.boot.test.autoconfigure.web.servlet.WebDriverTestExecutionListener@f0f2775, org.springframework.boot.test.autoconfigure.web.servlet.MockMvcPrintOnlyOnFailureTestExecutionListener@5a4aa2f2, org.springframework.boot.test.mock.mockito.MockitoTestExecutionListener@6591f517]
09:14:00.767 [main] DEBUG org.springframework.test.context.junit4.SpringJUnit4ClassRunner - SpringJUnit4ClassRunner constructor called with [class com.chahoo.u4d.U4DApplicationTests]
09:14:00.767 [main] DEBUG org.springframework.test.context.BootstrapUtils - Instantiating CacheAwareContextLoaderDelegate from class [org.springframework.test.context.cache.DefaultCacheAwareContextLoaderDelegate]
09:14:00.768 [main] DEBUG org.springframework.test.context.BootstrapUtils - Instantiating BootstrapContext using constructor [public org.springframework.test.context.support.DefaultBootstrapContext(java.lang.Class,org.springframework.test.context.CacheAwareContextLoaderDelegate)]
09:14:00.768 [main] DEBUG org.springframework.test.context.BootstrapUtils - Instantiating TestContextBootstrapper for test class [com.chahoo.u4d.U4DApplicationTests] from class [org.springframework.boot.test.context.SpringBootTestContextBootstrapper]
09:14:00.768 [main] INFO org.springframework.boot.test.context.SpringBootTestContextBootstrapper - Neither @ContextConfiguration nor @ContextHierarchy found for test class [com.chahoo.u4d.U4DApplicationTests], using SpringBootContextLoader
09:14:00.769 [main] DEBUG org.springframework.test.context.support.AbstractContextLoader - Did not detect default resource location for test class [com.chahoo.u4d.U4DApplicationTests]: class path resource [com/chahoo/u4d/U4DApplicationTests-context.xml] does not exist
09:14:00.769 [main] DEBUG org.springframework.test.context.support.AbstractContextLoader - Did not detect default resource location for test class [com.chahoo.u4d.U4DApplicationTests]: class path resource [com/chahoo/u4d/U4DApplicationTestsContext.groovy] does not exist
09:14:00.769 [main] INFO org.springframework.test.context.support.AbstractContextLoader - Could not detect default resource locations for test class [com.chahoo.u4d.U4DApplicationTests]: no resource found for suffixes {-context.xml, Context.groovy}.
09:14:00.770 [main] INFO org.springframework.test.context.support.AnnotationConfigContextLoaderUtils - Could not detect default configuration classes for test class [com.chahoo.u4d.U4DApplicationTests]: U4DApplicationTests does not declare any static, non-private, non-final, nested classes annotated with @Configuration.
09:14:00.775 [main] DEBUG org.springframework.test.context.support.ActiveProfilesUtils - Could not find an 'annotation declaring class' for annotation type [org.springframework.test.context.ActiveProfiles] and class [com.chahoo.u4d.U4DApplicationTests]
09:14:00.783 [main] DEBUG org.springframework.core.env.StandardEnvironment - Adding [systemProperties] PropertySource with lowest search precedence
09:14:00.783 [main] DEBUG org.springframework.core.env.StandardEnvironment - Adding [systemEnvironment] PropertySource with lowest search precedence
09:14:00.783 [main] DEBUG org.springframework.core.env.StandardEnvironment - Initialized StandardEnvironment with PropertySources [systemProperties,systemEnvironment]
09:14:00.791 [main] DEBUG org.springframework.core.io.support.PathMatchingResourcePatternResolver - Resolved classpath location [com/chahoo/u4d/] to resources [URL [file:/D:/workspace_sts/Line/target/test-classes/com/chahoo/u4d/], URL [file:/D:/workspace_sts/Line/target/classes/com/chahoo/u4d/]]
09:14:00.791 [main] DEBUG org.springframework.core.io.support.PathMatchingResourcePatternResolver - Looking for matching resources in directory tree [D:\workspace_sts\Line\target\test-classes\com\chahoo\u4d]
09:14:00.791 [main] DEBUG org.springframework.core.io.support.PathMatchingResourcePatternResolver - Searching directory [D:\workspace_sts\Line\target\test-classes\com\chahoo\u4d] for files matching pattern [D:/workspace_sts/Line/target/test-classes/com/chahoo/u4d/*.class]
09:14:00.794 [main] DEBUG org.springframework.core.io.support.PathMatchingResourcePatternResolver - Looking for matching resources in directory tree [D:\workspace_sts\Line\target\classes\com\chahoo\u4d]
09:14:00.794 [main] DEBUG org.springframework.core.io.support.PathMatchingResourcePatternResolver - Searching directory [D:\workspace_sts\Line\target\classes\com\chahoo\u4d] for files matching pattern [D:/workspace_sts/Line/target/classes/com/chahoo/u4d/*.class]
09:14:00.796 [main] DEBUG org.springframework.core.io.support.PathMatchingResourcePatternResolver - Resolved location pattern [classpath*:com/chahoo/u4d/*.class] to resources [file [D:\workspace_sts\Line\target\test-classes\com\chahoo\u4d\U4DApplicationTests.class], file [D:\workspace_sts\Line\target\classes\com\chahoo\u4d\U4DApplication.class]]
09:14:00.820 [main] DEBUG org.springframework.context.annotation.ClassPathScanningCandidateComponentProvider - Identified candidate component class: file [D:\workspace_sts\Line\target\classes\com\chahoo\u4d\U4DApplication.class]
09:14:00.821 [main] INFO org.springframework.boot.test.context.SpringBootTestContextBootstrapper - Found @SpringBootConfiguration com.chahoo.u4d.U4DApplication for test class com.chahoo.u4d.U4DApplicationTests
09:14:00.821 [main] DEBUG org.springframework.boot.test.context.SpringBootTestContextBootstrapper - @TestExecutionListeners is not present for class [com.chahoo.u4d.U4DApplicationTests]: using defaults.
09:14:00.825 [main] INFO org.springframework.boot.test.context.SpringBootTestContextBootstrapper - Loaded default TestExecutionListener class names from location [META-INF/spring.factories]: [org.springframework.boot.test.mock.mockito.MockitoTestExecutionListener, org.springframework.boot.test.mock.mockito.ResetMocksTestExecutionListener, org.springframework.boot.test.autoconfigure.restdocs.RestDocsTestExecutionListener, org.springframework.boot.test.autoconfigure.web.client.MockRestServiceServerResetTestExecutionListener, org.springframework.boot.test.autoconfigure.web.servlet.MockMvcPrintOnlyOnFailureTestExecutionListener, org.springframework.boot.test.autoconfigure.web.servlet.WebDriverTestExecutionListener, org.springframework.test.context.web.ServletTestExecutionListener, org.springframework.test.context.support.DirtiesContextBeforeModesTestExecutionListener, org.springframework.test.context.support.DependencyInjectionTestExecutionListener, org.springframework.test.context.support.DirtiesContextTestExecutionListener, org.springframework.test.context.transaction.TransactionalTestExecutionListener, org.springframework.test.context.jdbc.SqlScriptsTestExecutionListener, org.springframework.security.test.context.support.WithSecurityContextTestExecutionListener]
09:14:00.829 [main] INFO org.springframework.boot.test.context.SpringBootTestContextBootstrapper - Using TestExecutionListeners: [org.springframework.test.context.web.ServletTestExecutionListener@3901d134, org.springframework.test.context.support.DirtiesContextBeforeModesTestExecutionListener@14d3bc22, org.springframework.boot.test.autoconfigure.SpringBootDependencyInjectionTestExecutionListener@12d4bf7e, org.springframework.test.context.support.DirtiesContextTestExecutionListener@4c1d9d4b, org.springframework.test.context.transaction.TransactionalTestExecutionListener@7b227d8d, org.springframework.test.context.jdbc.SqlScriptsTestExecutionListener@7219ec67, org.springframework.security.test.context.support.WithSecurityContextTestExecutionListener@45018215, org.springframework.boot.test.autoconfigure.restdocs.RestDocsTestExecutionListener@65d6b83b, org.springframework.boot.test.autoconfigure.web.client.MockRestServiceServerResetTestExecutionListener@d706f19, org.springframework.boot.test.mock.mockito.ResetMocksTestExecutionListener@30b7c004, org.springframework.boot.test.autoconfigure.web.servlet.WebDriverTestExecutionListener@79efed2d, org.springframework.boot.test.autoconfigure.web.servlet.MockMvcPrintOnlyOnFailureTestExecutionListener@2928854b, org.springframework.boot.test.mock.mockito.MockitoTestExecutionListener@27ae2fd0]
09:14:00.831 [main] DEBUG org.springframework.test.annotation.ProfileValueUtils - Retrieved @ProfileValueSourceConfiguration [null] for test class [com.chahoo.u4d.api.account.ApiAccountControllerTest]
09:14:00.832 [main] DEBUG org.springframework.test.annotation.ProfileValueUtils - Retrieved ProfileValueSource type [class org.springframework.test.annotation.SystemProfileValueSource] for class [com.chahoo.u4d.api.account.ApiAccountControllerTest]
09:14:00.832 [main] DEBUG org.springframework.test.annotation.ProfileValueUtils - Retrieved @ProfileValueSourceConfiguration [null] for test class [com.chahoo.u4d.api.buildInfo.BuildInfoControllerTest]
09:14:00.832 [main] DEBUG org.springframework.test.annotation.ProfileValueUtils - Retrieved ProfileValueSource type [class org.springframework.test.annotation.SystemProfileValueSource] for class [com.chahoo.u4d.api.buildInfo.BuildInfoControllerTest]
09:14:00.834 [main] DEBUG org.springframework.test.annotation.ProfileValueUtils - Retrieved @ProfileValueSourceConfiguration [null] for test class [com.chahoo.u4d.U4DApplicationTests]
09:14:00.834 [main] DEBUG org.springframework.test.annotation.ProfileValueUtils - Retrieved ProfileValueSource type [class org.springframework.test.annotation.SystemProfileValueSource] for class [com.chahoo.u4d.U4DApplicationTests]
09:14:00.835 [main] DEBUG org.springframework.test.context.junit4.SpringJUnit4ClassRunner - SpringJUnit4ClassRunner constructor called with [class com.chahoo.u4d.api.account.ApiAccountControllerTest]
09:14:00.835 [main] DEBUG org.springframework.test.context.BootstrapUtils - Instantiating CacheAwareContextLoaderDelegate from class [org.springframework.test.context.cache.DefaultCacheAwareContextLoaderDelegate]
09:14:00.836 [main] DEBUG org.springframework.test.context.BootstrapUtils - Instantiating BootstrapContext using constructor [public org.springframework.test.context.support.DefaultBootstrapContext(java.lang.Class,org.springframework.test.context.CacheAwareContextLoaderDelegate)]
09:14:00.836 [main] DEBUG org.springframework.test.context.BootstrapUtils - Instantiating TestContextBootstrapper for test class [com.chahoo.u4d.api.account.ApiAccountControllerTest] from class [org.springframework.boot.test.context.SpringBootTestContextBootstrapper]
09:14:00.836 [main] INFO org.springframework.boot.test.context.SpringBootTestContextBootstrapper - Neither @ContextConfiguration nor @ContextHierarchy found for test class [com.chahoo.u4d.api.account.ApiAccountControllerTest], using SpringBootContextLoader
09:14:00.837 [main] DEBUG org.springframework.test.context.support.AbstractContextLoader - Did not detect default resource location for test class [com.chahoo.u4d.api.account.ApiAccountControllerTest]: class path resource [com/chahoo/u4d/api/account/ApiAccountControllerTest-context.xml] does not exist
09:14:00.837 [main] DEBUG org.springframework.test.context.support.AbstractContextLoader - Did not detect default resource location for test class [com.chahoo.u4d.api.account.ApiAccountControllerTest]: class path resource [com/chahoo/u4d/api/account/ApiAccountControllerTestContext.groovy] does not exist
09:14:00.837 [main] INFO org.springframework.test.context.support.AbstractContextLoader - Could not detect default resource locations for test class [com.chahoo.u4d.api.account.ApiAccountControllerTest]: no resource found for suffixes {-context.xml, Context.groovy}.
09:14:00.843 [main] DEBUG org.springframework.test.context.support.ActiveProfilesUtils - Could not find an 'annotation declaring class' for annotation type [org.springframework.test.context.ActiveProfiles] and class [com.chahoo.u4d.api.account.ApiAccountControllerTest]
09:14:00.844 [main] DEBUG org.springframework.boot.test.context.SpringBootTestContextBootstrapper - @TestExecutionListeners is not present for class [com.chahoo.u4d.api.account.ApiAccountControllerTest]: using defaults.
09:14:00.848 [main] INFO org.springframework.boot.test.context.SpringBootTestContextBootstrapper - Loaded default TestExecutionListener class names from location [META-INF/spring.factories]: [org.springframework.boot.test.mock.mockito.MockitoTestExecutionListener, org.springframework.boot.test.mock.mockito.ResetMocksTestExecutionListener, org.springframework.boot.test.autoconfigure.restdocs.RestDocsTestExecutionListener, org.springframework.boot.test.autoconfigure.web.client.MockRestServiceServerResetTestExecutionListener, org.springframework.boot.test.autoconfigure.web.servlet.MockMvcPrintOnlyOnFailureTestExecutionListener, org.springframework.boot.test.autoconfigure.web.servlet.WebDriverTestExecutionListener, org.springframework.test.context.web.ServletTestExecutionListener, org.springframework.test.context.support.DirtiesContextBeforeModesTestExecutionListener, org.springframework.test.context.support.DependencyInjectionTestExecutionListener, org.springframework.test.context.support.DirtiesContextTestExecutionListener, org.springframework.test.context.transaction.TransactionalTestExecutionListener, org.springframework.test.context.jdbc.SqlScriptsTestExecutionListener, org.springframework.security.test.context.support.WithSecurityContextTestExecutionListener]
09:14:00.853 [main] INFO org.springframework.boot.test.context.SpringBootTestContextBootstrapper - Using TestExecutionListeners: [org.springframework.test.context.web.ServletTestExecutionListener@149e0f5d, org.springframework.test.context.support.DirtiesContextBeforeModesTestExecutionListener@1b1473ab, org.springframework.boot.test.autoconfigure.SpringBootDependencyInjectionTestExecutionListener@2f7c2f4f, org.springframework.test.context.support.DirtiesContextTestExecutionListener@6af93788, org.springframework.test.context.transaction.TransactionalTestExecutionListener@ef9296d, org.springframework.test.context.jdbc.SqlScriptsTestExecutionListener@36c88a32, org.springframework.security.test.context.support.WithSecurityContextTestExecutionListener@7880cdf3, org.springframework.boot.test.autoconfigure.restdocs.RestDocsTestExecutionListener@5be6e01c, org.springframework.boot.test.autoconfigure.web.client.MockRestServiceServerResetTestExecutionListener@1c93084c, org.springframework.boot.test.mock.mockito.ResetMocksTestExecutionListener@6ef888f6, org.springframework.boot.test.autoconfigure.web.servlet.WebDriverTestExecutionListener@10e92f8f, org.springframework.boot.test.autoconfigure.web.servlet.MockMvcPrintOnlyOnFailureTestExecutionListener@7ce3cb8e, org.springframework.boot.test.mock.mockito.MockitoTestExecutionListener@78b66d36]
09:14:00.853 [main] DEBUG org.springframework.test.annotation.ProfileValueUtils - Retrieved @ProfileValueSourceConfiguration [null] for test class [com.chahoo.u4d.api.account.ApiAccountControllerTest]
09:14:00.853 [main] DEBUG org.springframework.test.annotation.ProfileValueUtils - Retrieved ProfileValueSource type [class org.springframework.test.annotation.SystemProfileValueSource] for class [com.chahoo.u4d.api.account.ApiAccountControllerTest]
09:14:00.855 [main] DEBUG org.springframework.test.annotation.ProfileValueUtils - Retrieved @ProfileValueSourceConfiguration [null] for test class [com.chahoo.u4d.api.account.ApiAccountControllerTest]
09:14:00.855 [main] DEBUG org.springframework.test.annotation.ProfileValueUtils - Retrieved ProfileValueSource type [class org.springframework.test.annotation.SystemProfileValueSource] for class [com.chahoo.u4d.api.account.ApiAccountControllerTest]
09:14:00.859 [main] DEBUG org.springframework.test.context.support.AbstractDirtiesContextTestExecutionListener - Before test class: context [DefaultTestContext@48e4374 testClass = ApiAccountControllerTest, testInstance = [null], testMethod = [null], testException = [null], mergedContextConfiguration = [WebMergedContextConfiguration@3d680b5a testClass = ApiAccountControllerTest, locations = '{}', classes = '{class com.chahoo.u4d.U4DApplication, class com.chahoo.u4d.U4DApplication}', contextInitializerClasses = '[]', activeProfiles = '{}', propertySourceLocations = '{}', propertySourceProperties = '{org.springframework.boot.test.context.SpringBootTestContextBootstrapper=true}', contextCustomizers = set[org.springframework.boot.test.context.SpringBootTestContextCustomizer@6ee52dcd, org.springframework.boot.test.context.filter.ExcludeFilterContextCustomizer@57e1b0c, org.springframework.boot.test.mock.mockito.MockitoContextCustomizer@0, org.springframework.boot.test.autoconfigure.properties.PropertyMappingContextCustomizer@0, org.springframework.boot.test.autoconfigure.web.servlet.WebDriverContextCustomizerFactory$Customizer@c46bcd4], resourceBasePath = 'src/main/webapp', contextLoader = 'org.springframework.boot.test.context.SpringBootContextLoader', parent = [null]]], class annotated with @DirtiesContext [false] with mode [null].
09:14:00.859 [main] DEBUG org.springframework.test.annotation.ProfileValueUtils - Retrieved @ProfileValueSourceConfiguration [null] for test class [com.chahoo.u4d.api.account.ApiAccountControllerTest]
09:14:00.859 [main] DEBUG org.springframework.test.annotation.ProfileValueUtils - Retrieved ProfileValueSource type [class org.springframework.test.annotation.SystemProfileValueSource] for class [com.chahoo.u4d.api.account.ApiAccountControllerTest]
09:14:00.920 [main] DEBUG org.springframework.core.env.StandardEnvironment - Adding [systemProperties] PropertySource with lowest search precedence
09:14:00.920 [main] DEBUG org.springframework.core.env.StandardEnvironment - Adding [systemEnvironment] PropertySource with lowest search precedence
09:14:00.920 [main] DEBUG org.springframework.core.env.StandardEnvironment - Initialized StandardEnvironment with PropertySources [systemProperties,systemEnvironment]
09:14:00.921 [main] DEBUG org.springframework.core.env.MutablePropertySources - Adding [inline] PropertySource with highest search precedence
09:14:00.926 [main] DEBUG org.springframework.test.context.support.TestPropertySourceUtils - Adding inlined properties to environment: {spring.jmx.enabled=false, org.springframework.boot.test.context.SpringBootTestContextBootstrapper=true, server.port=-1}
09:14:00.926 [main] DEBUG org.springframework.core.env.StandardEnvironment - Adding [Inlined Test Properties] PropertySource with highest search precedence
__/\\\________/\\\______________________/\\\_______________/\\\\\\\\\\\\____
 _\/\\\_______\/\\\____________________/\\\\\______________\/\\\////////\\\__
  _\/\\\_______\/\\\__________________/\\\/\\\______________\/\\\______\//\\\_
   _\/\\\_______\/\\\________________/\\\/\/\\\______________\/\\\_______\/\\\_
    _\/\\\_______\/\\\______________/\\\/__\/\\\______________\/\\\_______\/\\\_
     _\/\\\_______\/\\\____________/\\\\\\\\\\\\\\\\___________\/\\\_______\/\\\_
      _\//\\\______/\\\____________\///////////\\\//____________\/\\\_______/\\\__
       __\///\\\\\\\\\/_______________________\/\\\______________\/\\\\\\\\\\\\/___
        ____\/////////_________________________\///_______________\////////////_____


????         ???????    ???  ???     ??????     ???  ???     ???????      ???????         ????
????        ????????    ???  ???    ????????    ???  ???    ?????????    ?????????        ????
???         ???         ????????    ????????    ????????    ???   ???    ???   ???         ???
???         ???         ????????    ????????    ????????    ???   ???    ???   ???         ???
????        ????????    ???  ???    ???  ???    ???  ???    ?????????    ?????????        ????
????         ???????    ???  ???    ???  ???    ???  ???     ???????      ???????         ????



2017-02-22 09:14:01.216  INFO 69668 --- [           main] c.c.u.a.a.ApiAccountControllerTest       : Starting ApiAccountControllerTest on LAPTOP-DP780HI6 with PID 69668 (started by jjryu in D:\workspace_sts\Line)
2017-02-22 09:14:01.218  INFO 69668 --- [           main] c.c.u.a.a.ApiAccountControllerTest       : No active profile set, falling back to default profiles: default
2017-02-22 09:14:01.260  INFO 69668 --- [           main] o.s.w.c.s.GenericWebApplicationContext   : Refreshing org.springframework.web.context.support.GenericWebApplicationContext@53fe15ff: startup date [Wed Feb 22 09:14:01 GMT+09:00 2017]; root of context hierarchy
2017-02-22 09:14:02.899  INFO 69668 --- [           main] trationDelegate$BeanPostProcessorChecker : Bean 'org.springframework.boot.autoconfigure.validation.ValidationAutoConfiguration' of type [class org.springframework.boot.autoconfigure.validation.ValidationAutoConfiguration] is not eligible for getting processed by all BeanPostProcessors (for example: not eligible for auto-proxying)
2017-02-22 09:14:03.004  INFO 69668 --- [           main] trationDelegate$BeanPostProcessorChecker : Bean 'validator' of type [class org.springframework.validation.beanvalidation.LocalValidatorFactoryBean] is not eligible for getting processed by all BeanPostProcessors (for example: not eligible for auto-proxying)
2017-02-22 09:14:03.068  INFO 69668 --- [           main] trationDelegate$BeanPostProcessorChecker : Bean 'org.springframework.transaction.annotation.ProxyTransactionManagementConfiguration' of type [class org.springframework.transaction.annotation.ProxyTransactionManagementConfiguration$$EnhancerBySpringCGLIB$$eb70431a] is not eligible for getting processed by all BeanPostProcessors (for example: not eligible for auto-proxying)
2017-02-22 09:14:05.148  INFO 69668 --- [           main] j.LocalContainerEntityManagerFactoryBean : Building JPA container EntityManagerFactory for persistence unit 'default'
2017-02-22 09:14:05.171  INFO 69668 --- [           main] o.hibernate.jpa.internal.util.LogHelper  : HHH000204: Processing PersistenceUnitInfo [
	name: default
	...]
2017-02-22 09:14:05.253  INFO 69668 --- [           main] org.hibernate.Version                    : HHH000412: Hibernate Core {5.0.11.Final}
2017-02-22 09:14:05.254  INFO 69668 --- [           main] org.hibernate.cfg.Environment            : HHH000206: hibernate.properties not found
2017-02-22 09:14:05.256  INFO 69668 --- [           main] org.hibernate.cfg.Environment            : HHH000021: Bytecode provider name : javassist
2017-02-22 09:14:05.296  INFO 69668 --- [           main] o.hibernate.annotations.common.Version   : HCANN000001: Hibernate Commons Annotations {5.0.1.Final}
2017-02-22 09:14:05.406  INFO 69668 --- [           main] org.hibernate.dialect.Dialect            : HHH000400: Using dialect: org.hibernate.dialect.PostgreSQL82Dialect
2017-02-22 09:14:05.678  INFO 69668 --- [           main] o.h.e.j.e.i.LobCreatorBuilderImpl        : HHH000424: Disabling contextual LOB creation as createClob() method threw error : java.lang.reflect.InvocationTargetException
2017-02-22 09:14:05.679  INFO 69668 --- [           main] org.hibernate.type.BasicTypeRegistry     : HHH000270: Type registration [java.util.UUID] overrides previous : org.hibernate.type.UUIDBinaryType@2d258eff
2017-02-22 09:14:06.041  WARN 69668 --- [           main] org.hibernate.orm.deprecation            : HHH90000014: Found use of deprecated [org.hibernate.id.SequenceGenerator] sequence-based id generator; use org.hibernate.id.enhanced.SequenceStyleGenerator instead.  See Hibernate Domain Model Mapping Guide for details.
2017-02-22 09:14:06.358  INFO 69668 --- [           main] org.hibernate.tool.hbm2ddl.SchemaExport  : HHH000227: Running hbm2ddl schema export
Hibernate: drop table if exists account cascade
Hibernate: drop table if exists cnst cascade
Hibernate: drop table if exists obst cascade
Hibernate: drop table if exists prod cascade
Hibernate: drop table if exists prod_type cascade
Hibernate: drop table if exists qr cascade
Hibernate: drop table if exists qr_link cascade
Hibernate: drop sequence hibernate_sequence
2017-02-22 09:14:06.364 ERROR 69668 --- [           main] org.hibernate.tool.hbm2ddl.SchemaExport  : HHH000389: Unsuccessful: drop sequence hibernate_sequence
2017-02-22 09:14:06.364 ERROR 69668 --- [           main] org.hibernate.tool.hbm2ddl.SchemaExport  : ERROR: sequence "hibernate_sequence" does not exist
Hibernate: create sequence hibernate_sequence start 1 increment 1
Hibernate: create table account (id int8 not null, create_date timestamp, create_login_id varchar(255), login_id varchar(255) not null, password varchar(255) not null, update_date timestamp, update_login_id varchar(255), user_name varchar(255) not null, primary key (id))
Hibernate: create table cnst (cnst_serno int8 not null, area_serno int8, cnst_goal varchar(255), cnst_nm varchar(255), cnst_pos varchar(255), descr varchar(255), fday date, plan_fday date, plan_tday date, pro_stts varchar(255), reg_date date, reg_user_serno int8, tday date, updt_date date, updt_user_serno int8, use_yn char(1), primary key (cnst_serno))
Hibernate: create table obst (obst_code varchar(255) not null, descr varchar(255), legend_color varchar(255), obst_nm varchar(255), oder int8, reg_date date, reg_user_serno int8, updt_date date, updt_user_serno int8, upper_obst_code varchar(255), use_yn char(1), primary key (obst_code))
Hibernate: create table prod (prod_serno int8 not null, descr varchar(255), man_com_nm varchar(255), mdl_code varchar(255), model_serno int8, mtrl varchar(255), obst_code varchar(255), pipe_dia numeric(19, 2), pipe_dia_descr varchar(255), prod_nm varchar(255), prod_type_code varchar(255), reg_date date, reg_user_serno int8, updt_date date, updt_user_serno int8, use_yn char(1), primary key (prod_serno))
Hibernate: create table prod_type (prod_type_code varchar(255) not null, descr varchar(255), oder int8, prod_type_nm varchar(255), reg_date date, reg_user_serno int8, updt_date date, updt_user_serno int8, upper_prod_type_code varchar(255), use_yn char(1), primary key (prod_type_code))
Hibernate: create table qr (qr_serno int8 not null, area_serno int8, as_tgt_yn char(1), builder_nm varchar(255), buld_date date, buld_yn char(1), cnst_serno int8, descr varchar(255), desg_qr_yn char(1), ins_depth numeric(19, 2), ins_height numeric(19, 2), ins_latu numeric(19, 2), ins_lgtu numeric(19, 2), ins_tm_x numeric(19, 2), ins_tm_y numeric(19, 2), model_info_yn char(1), ofs_x numeric(19, 2), ofs_y numeric(19, 2), ofs_z numeric(19, 2), prod_serno int8 not null, qr_code varchar(255), reg_date date, reg_user_serno int8, rot_x numeric(19, 2), rot_y numeric(19, 2), rot_z numeric(19, 2), scale numeric(19, 2), scale_x numeric(19, 2), scale_y numeric(19, 2), scale_z numeric(19, 2), skin numeric(19, 2), surpnt_mth_code varchar(255), surpnt_no varchar(255), survey_yn char(1), updt_date date, updt_user_serno int8, updt_yn char(1), use_yn char(1), primary key (qr_serno))
Hibernate: create table qr_link (link_serno int8 not null, cnst_serno int8 not null, descr varchar(255), desg_qr_yn char(1), from_qr_serno int8 not null, pipe_length numeric(19, 2), pipeline_serno int8, reg_date date, reg_user_serno int8, survey_yn char(1), to_qr_serno int8 not null, updt_date date, updt_user_serno int8, use_yn char(1), primary key (link_serno))
Hibernate: alter table account add constraint UK_tqpuaqxalcaeddpc0m6mcxobg unique (login_id)
2017-02-22 09:14:06.525  INFO 69668 --- [           main] org.hibernate.tool.hbm2ddl.SchemaExport  : HHH000230: Schema export complete
2017-02-22 09:14:06.564  INFO 69668 --- [           main] j.LocalContainerEntityManagerFactoryBean : Initialized JPA EntityManagerFactory for persistence unit 'default'
2017-02-22 09:14:07.690  INFO 69668 --- [           main] s.w.s.m.m.a.RequestMappingHandlerMapping : Mapped "{[/api/buildInfo/qrs/{qrSerno}],methods=[DELETE]}" onto public org.springframework.http.ResponseEntity com.chahoo.u4d.api.buildInfo.BuildInfoController.deleteQr(com.chahoo.u4d.entity.Qr) throws java.lang.Exception
2017-02-22 09:14:07.691  INFO 69668 --- [           main] s.w.s.m.m.a.RequestMappingHandlerMapping : Mapped "{[/api/buildInfo/qrs/{qrSerno}],methods=[GET]}" onto public org.springframework.http.ResponseEntity com.chahoo.u4d.api.buildInfo.BuildInfoController.getQr(java.lang.String)
2017-02-22 09:14:07.692  INFO 69668 --- [           main] s.w.s.m.m.a.RequestMappingHandlerMapping : Mapped "{[/api/buildInfo/qrs],methods=[GET]}" onto public org.springframework.http.ResponseEntity com.chahoo.u4d.api.buildInfo.BuildInfoController.getQrList(java.util.Map<java.lang.String, java.lang.String>,org.springframework.data.domain.Pageable)
2017-02-22 09:14:07.692  INFO 69668 --- [           main] s.w.s.m.m.a.RequestMappingHandlerMapping : Mapped "{[/api/buildInfo/qrs/{qrSerno}],methods=[PUT]}" onto public org.springframework.http.ResponseEntity com.chahoo.u4d.api.buildInfo.BuildInfoController.updateQr(com.chahoo.u4d.entity.Qr)
2017-02-22 09:14:07.692  INFO 69668 --- [           main] s.w.s.m.m.a.RequestMappingHandlerMapping : Mapped "{[/api/buildInfo/qrs],methods=[POST]}" onto public org.springframework.http.ResponseEntity com.chahoo.u4d.api.buildInfo.BuildInfoController.createQr(com.chahoo.u4d.entity.Qr)
2017-02-22 09:14:07.693  INFO 69668 --- [           main] s.w.s.m.m.a.RequestMappingHandlerMapping : Mapped "{[/v2/api-docs],methods=[GET]}" onto public org.springframework.http.ResponseEntity<springfox.documentation.spring.web.json.Json> springfox.documentation.swagger2.web.Swagger2Controller.getDocumentation(java.lang.String)
2017-02-22 09:14:07.695  INFO 69668 --- [           main] s.w.s.m.m.a.RequestMappingHandlerMapping : Mapped "{[/configuration/security]}" onto org.springframework.http.ResponseEntity<springfox.documentation.swagger.web.SecurityConfiguration> springfox.documentation.swagger.web.ApiResourceController.securityConfiguration()
2017-02-22 09:14:07.696  INFO 69668 --- [           main] s.w.s.m.m.a.RequestMappingHandlerMapping : Mapped "{[/configuration/ui]}" onto org.springframework.http.ResponseEntity<springfox.documentation.swagger.web.UiConfiguration> springfox.documentation.swagger.web.ApiResourceController.uiConfiguration()
2017-02-22 09:14:07.696  INFO 69668 --- [           main] s.w.s.m.m.a.RequestMappingHandlerMapping : Mapped "{[/swagger-resources]}" onto org.springframework.http.ResponseEntity<java.util.List<springfox.documentation.swagger.web.SwaggerResource>> springfox.documentation.swagger.web.ApiResourceController.swaggerResources()
2017-02-22 09:14:07.700  INFO 69668 --- [           main] s.w.s.m.m.a.RequestMappingHandlerMapping : Mapped "{[/error]}" onto public org.springframework.http.ResponseEntity<java.util.Map<java.lang.String, java.lang.Object>> org.springframework.boot.autoconfigure.web.BasicErrorController.error(javax.servlet.http.HttpServletRequest)
2017-02-22 09:14:07.700  INFO 69668 --- [           main] s.w.s.m.m.a.RequestMappingHandlerMapping : Mapped "{[/error],produces=[text/html]}" onto public org.springframework.web.servlet.ModelAndView org.springframework.boot.autoconfigure.web.BasicErrorController.errorHtml(javax.servlet.http.HttpServletRequest,javax.servlet.http.HttpServletResponse)
2017-02-22 09:14:08.178  INFO 69668 --- [           main] s.w.s.m.m.a.RequestMappingHandlerAdapter : Looking for @ControllerAdvice: org.springframework.web.context.support.GenericWebApplicationContext@53fe15ff: startup date [Wed Feb 22 09:14:01 GMT+09:00 2017]; root of context hierarchy
2017-02-22 09:14:08.279  INFO 69668 --- [           main] o.s.w.s.handler.SimpleUrlHandlerMapping  : Mapped URL path [/webjars/**] onto handler of type [class org.springframework.web.servlet.resource.ResourceHttpRequestHandler]
2017-02-22 09:14:08.279  INFO 69668 --- [           main] o.s.w.s.handler.SimpleUrlHandlerMapping  : Mapped URL path [/**] onto handler of type [class org.springframework.web.servlet.resource.ResourceHttpRequestHandler]
2017-02-22 09:14:08.330  INFO 69668 --- [           main] o.s.w.s.handler.SimpleUrlHandlerMapping  : Mapped URL path [/**/favicon.ico] onto handler of type [class org.springframework.web.servlet.resource.ResourceHttpRequestHandler]
2017-02-22 09:14:08.361  INFO 69668 --- [           main] oConfiguration$WelcomePageHandlerMapping : Adding welcome page: ServletContext resource [/index.html]
2017-02-22 09:14:08.899  INFO 69668 --- [           main] o.s.s.web.DefaultSecurityFilterChain     : Creating filter chain: OrRequestMatcher [requestMatchers=[Ant [pattern='/css/**'], Ant [pattern='/js/**'], Ant [pattern='/images/**'], Ant [pattern='/webjars/**'], Ant [pattern='/**/favicon.ico'], Ant [pattern='/error']]], []
2017-02-22 09:14:08.964  INFO 69668 --- [           main] o.s.s.web.DefaultSecurityFilterChain     : Creating filter chain: org.springframework.security.web.util.matcher.AnyRequestMatcher@1, [org.springframework.security.web.context.request.async.WebAsyncManagerIntegrationFilter@4e14d520, org.springframework.security.web.context.SecurityContextPersistenceFilter@3cc6f036, org.springframework.security.web.header.HeaderWriterFilter@41ddec69, org.springframework.security.web.authentication.logout.LogoutFilter@30a791a6, org.springframework.security.web.savedrequest.RequestCacheAwareFilter@7b0525a8, org.springframework.security.web.servletapi.SecurityContextHolderAwareRequestFilter@14fff5e7, org.springframework.security.web.authentication.AnonymousAuthenticationFilter@4189e668, org.springframework.security.web.session.SessionManagementFilter@4c9ef9c9, org.springframework.security.web.access.ExceptionTranslationFilter@434d001d, org.springframework.security.web.access.intercept.FilterSecurityInterceptor@b340615]
2017-02-22 09:14:08.976  INFO 69668 --- [           main] o.s.s.web.DefaultSecurityFilterChain     : Creating filter chain: OrRequestMatcher [requestMatchers=[Ant [pattern='/**']]], [org.springframework.security.web.context.request.async.WebAsyncManagerIntegrationFilter@6068cda1, org.springframework.security.web.context.SecurityContextPersistenceFilter@1df32c09, org.springframework.security.web.header.HeaderWriterFilter@4c418496, org.springframework.security.web.authentication.logout.LogoutFilter@54970127, org.springframework.security.web.authentication.www.BasicAuthenticationFilter@3700994c, org.springframework.security.web.savedrequest.RequestCacheAwareFilter@1aa31454, org.springframework.security.web.servletapi.SecurityContextHolderAwareRequestFilter@5a8656a2, org.springframework.security.web.authentication.AnonymousAuthenticationFilter@644e6a8e, org.springframework.security.web.session.SessionManagementFilter@12d35bc9, org.springframework.security.web.access.ExceptionTranslationFilter@3b77940f, org.springframework.security.web.access.intercept.FilterSecurityInterceptor@17d19538]
2017-02-22 09:14:09.157  INFO 69668 --- [           main] d.s.w.p.DocumentationPluginsBootstrapper : Context refreshed
2017-02-22 09:14:09.180  INFO 69668 --- [           main] d.s.w.p.DocumentationPluginsBootstrapper : Found {0} custom documentation plugin(s)
2017-02-22 09:14:09.189  INFO 69668 --- [           main] s.d.s.w.s.ApiListingReferenceScanner     : Scanning for api listing references
2017-02-22 09:14:09.192  INFO 69668 --- [           main] s.w.ClassOrApiAnnotationResourceGrouping : Group for method deleteQr was build-info-controller
2017-02-22 09:14:09.193  INFO 69668 --- [           main] s.d.s.w.s.ApiListingReferenceScanner     : Request mapping: deleteQr belongs to groups: [[ResourceGroup{groupName='build-info-controller', position=0, controller=com.chahoo.u4d.api.buildInfo.BuildInfoController}]] 
2017-02-22 09:14:09.194  INFO 69668 --- [           main] s.w.ClassOrApiAnnotationResourceGrouping : Group for method getQr was build-info-controller
2017-02-22 09:14:09.194  INFO 69668 --- [           main] s.d.s.w.s.ApiListingReferenceScanner     : Request mapping: getQr belongs to groups: [[ResourceGroup{groupName='build-info-controller', position=0, controller=com.chahoo.u4d.api.buildInfo.BuildInfoController}]] 
2017-02-22 09:14:09.195  INFO 69668 --- [           main] s.w.ClassOrApiAnnotationResourceGrouping : Group for method updateQr was build-info-controller
2017-02-22 09:14:09.195  INFO 69668 --- [           main] s.d.s.w.s.ApiListingReferenceScanner     : Request mapping: updateQr belongs to groups: [[ResourceGroup{groupName='build-info-controller', position=0, controller=com.chahoo.u4d.api.buildInfo.BuildInfoController}]] 
2017-02-22 09:14:09.195  INFO 69668 --- [           main] s.w.ClassOrApiAnnotationResourceGrouping : Group for method getQrList was build-info-controller
2017-02-22 09:14:09.195  INFO 69668 --- [           main] s.d.s.w.s.ApiListingReferenceScanner     : Request mapping: getQrList belongs to groups: [[ResourceGroup{groupName='build-info-controller', position=0, controller=com.chahoo.u4d.api.buildInfo.BuildInfoController}]] 
2017-02-22 09:14:09.195  INFO 69668 --- [           main] s.w.ClassOrApiAnnotationResourceGrouping : Group for method createQr was build-info-controller
2017-02-22 09:14:09.195  INFO 69668 --- [           main] s.d.s.w.s.ApiListingReferenceScanner     : Request mapping: createQr belongs to groups: [[ResourceGroup{groupName='build-info-controller', position=0, controller=com.chahoo.u4d.api.buildInfo.BuildInfoController}]] 
2017-02-22 09:14:09.198  INFO 69668 --- [           main] s.d.s.w.s.ApiListingReferenceScanner     : Created resource listing Path: /default/build-info-controller Description: build-info-controller Position: 0
2017-02-22 09:14:09.212  INFO 69668 --- [           main] utoConfigurationReportLoggingInitializer : 

Error starting ApplicationContext. To display the auto-configuration report re-run your application with 'debug' enabled.
2017-02-22 09:14:09.221 ERROR 69668 --- [           main] o.s.boot.SpringApplication               : Application startup failed

java.lang.NoSuchMethodError: com.fasterxml.classmate.TypeBindings.withAdditionalBinding(Ljava/lang/String;Lcom/fasterxml/classmate/ResolvedType;)Lcom/fasterxml/classmate/TypeBindings;
	at springfox.documentation.schema.WildcardType.adjustedTypeBindings(WildcardType.java:137) ~[springfox-core-2.2.2.jar:2.2.2]
	at springfox.documentation.schema.WildcardType.breadthFirstSearch(WildcardType.java:117) ~[springfox-core-2.2.2.jar:2.2.2]
	at springfox.documentation.schema.WildcardType.collectReplaceables(WildcardType.java:74) ~[springfox-core-2.2.2.jar:2.2.2]
	at springfox.documentation.schema.AlternateTypeRule.alternateFor(AlternateTypeRule.java:50) ~[springfox-core-2.2.2.jar:2.2.2]
	at springfox.documentation.spi.schema.AlternateTypeProvider.alternateFor(AlternateTypeProvider.java:44) ~[springfox-spi-2.2.2.jar:2.2.2]
	at springfox.documentation.spi.service.contexts.RequestMappingContext.alternateFor(RequestMappingContext.java:118) ~[springfox-spi-2.2.2.jar:2.2.2]
	at springfox.documentation.spring.web.readers.operation.OperationModelsProvider.collectFromReturnType(OperationModelsProvider.java:70) ~[springfox-spring-web-2.2.2.jar:2.2.2]
	at springfox.documentation.spring.web.readers.operation.OperationModelsProvider.apply(OperationModelsProvider.java:59) ~[springfox-spring-web-2.2.2.jar:2.2.2]
	at springfox.documentation.spring.web.plugins.DocumentationPluginsManager.modelContexts(DocumentationPluginsManager.java:129) ~[springfox-spring-web-2.2.2.jar:2.2.2]
	at springfox.documentation.spring.web.scanners.ApiModelReader.read(ApiModelReader.java:62) ~[springfox-spring-web-2.2.2.jar:2.2.2]
	at springfox.documentation.spring.web.scanners.ApiListingScanner.scan(ApiListingScanner.java:91) ~[springfox-spring-web-2.2.2.jar:2.2.2]
	at springfox.documentation.spring.web.scanners.ApiDocumentationScanner.scan(ApiDocumentationScanner.java:62) ~[springfox-spring-web-2.2.2.jar:2.2.2]
	at springfox.documentation.spring.web.plugins.DocumentationPluginsBootstrapper.scanDocumentation(DocumentationPluginsBootstrapper.java:101) ~[springfox-spring-web-2.2.2.jar:2.2.2]
	at springfox.documentation.spring.web.plugins.DocumentationPluginsBootstrapper.onApplicationEvent(DocumentationPluginsBootstrapper.java:87) ~[springfox-spring-web-2.2.2.jar:2.2.2]
	at springfox.documentation.spring.web.plugins.DocumentationPluginsBootstrapper.onApplicationEvent(DocumentationPluginsBootstrapper.java:50) ~[springfox-spring-web-2.2.2.jar:2.2.2]
	at org.springframework.context.event.SimpleApplicationEventMulticaster.invokeListener(SimpleApplicationEventMulticaster.java:167) ~[spring-context-4.3.6.RELEASE.jar:4.3.6.RELEASE]
	at org.springframework.context.event.SimpleApplicationEventMulticaster.multicastEvent(SimpleApplicationEventMulticaster.java:139) ~[spring-context-4.3.6.RELEASE.jar:4.3.6.RELEASE]
	at org.springframework.context.support.AbstractApplicationContext.publishEvent(AbstractApplicationContext.java:383) ~[spring-context-4.3.6.RELEASE.jar:4.3.6.RELEASE]
	at org.springframework.context.support.AbstractApplicationContext.publishEvent(AbstractApplicationContext.java:337) ~[spring-context-4.3.6.RELEASE.jar:4.3.6.RELEASE]
	at org.springframework.context.support.AbstractApplicationContext.finishRefresh(AbstractApplicationContext.java:882) ~[spring-context-4.3.6.RELEASE.jar:4.3.6.RELEASE]
	at org.springframework.context.support.AbstractApplicationContext.refresh(AbstractApplicationContext.java:545) ~[spring-context-4.3.6.RELEASE.jar:4.3.6.RELEASE]
	at org.springframework.boot.SpringApplication.refresh(SpringApplication.java:737) ~[spring-boot-1.5.1.RELEASE.jar:1.5.1.RELEASE]
	at org.springframework.boot.SpringApplication.refreshContext(SpringApplication.java:370) ~[spring-boot-1.5.1.RELEASE.jar:1.5.1.RELEASE]
	at org.springframework.boot.SpringApplication.run(SpringApplication.java:314) ~[spring-boot-1.5.1.RELEASE.jar:1.5.1.RELEASE]
	at org.springframework.boot.test.context.SpringBootContextLoader.loadContext(SpringBootContextLoader.java:120) [spring-boot-test-1.5.1.RELEASE.jar:1.5.1.RELEASE]
	at org.springframework.test.context.cache.DefaultCacheAwareContextLoaderDelegate.loadContextInternal(DefaultCacheAwareContextLoaderDelegate.java:98) [spring-test-4.3.6.RELEASE.jar:4.3.6.RELEASE]
	at org.springframework.test.context.cache.DefaultCacheAwareContextLoaderDelegate.loadContext(DefaultCacheAwareContextLoaderDelegate.java:116) [spring-test-4.3.6.RELEASE.jar:4.3.6.RELEASE]
	at org.springframework.test.context.support.DefaultTestContext.getApplicationContext(DefaultTestContext.java:83) [spring-test-4.3.6.RELEASE.jar:4.3.6.RELEASE]
	at org.springframework.test.context.web.ServletTestExecutionListener.setUpRequestContextIfNecessary(ServletTestExecutionListener.java:189) [spring-test-4.3.6.RELEASE.jar:4.3.6.RELEASE]
	at org.springframework.test.context.web.ServletTestExecutionListener.prepareTestInstance(ServletTestExecutionListener.java:131) [spring-test-4.3.6.RELEASE.jar:4.3.6.RELEASE]
	at org.springframework.test.context.TestContextManager.prepareTestInstance(TestContextManager.java:230) [spring-test-4.3.6.RELEASE.jar:4.3.6.RELEASE]
	at org.springframework.test.context.junit4.SpringJUnit4ClassRunner.createTest(SpringJUnit4ClassRunner.java:228) [spring-test-4.3.6.RELEASE.jar:4.3.6.RELEASE]
	at org.springframework.test.context.junit4.SpringJUnit4ClassRunner$1.runReflectiveCall(SpringJUnit4ClassRunner.java:287) [spring-test-4.3.6.RELEASE.jar:4.3.6.RELEASE]
	at org.junit.internal.runners.model.ReflectiveCallable.run(ReflectiveCallable.java:12) [junit-4.12.jar:4.12]
	at org.springframework.test.context.junit4.SpringJUnit4ClassRunner.methodBlock(SpringJUnit4ClassRunner.java:289) [spring-test-4.3.6.RELEASE.jar:4.3.6.RELEASE]
	at org.springframework.test.context.junit4.SpringJUnit4ClassRunner.runChild(SpringJUnit4ClassRunner.java:247) [spring-test-4.3.6.RELEASE.jar:4.3.6.RELEASE]
	at org.springframework.test.context.junit4.SpringJUnit4ClassRunner.runChild(SpringJUnit4ClassRunner.java:94) [spring-test-4.3.6.RELEASE.jar:4.3.6.RELEASE]
	at org.junit.runners.ParentRunner$3.run(ParentRunner.java:290) [junit-4.12.jar:4.12]
	at org.junit.runners.ParentRunner$1.schedule(ParentRunner.java:71) [junit-4.12.jar:4.12]
	at org.junit.runners.ParentRunner.runChildren(ParentRunner.java:288) [junit-4.12.jar:4.12]
	at org.junit.runners.ParentRunner.access$000(ParentRunner.java:58) [junit-4.12.jar:4.12]
	at org.junit.runners.ParentRunner$2.evaluate(ParentRunner.java:268) [junit-4.12.jar:4.12]
	at org.springframework.test.context.junit4.statements.RunBeforeTestClassCallbacks.evaluate(RunBeforeTestClassCallbacks.java:61) [spring-test-4.3.6.RELEASE.jar:4.3.6.RELEASE]
	at org.springframework.test.context.junit4.statements.RunAfterTestClassCallbacks.evaluate(RunAfterTestClassCallbacks.java:70) [spring-test-4.3.6.RELEASE.jar:4.3.6.RELEASE]
	at org.junit.runners.ParentRunner.run(ParentRunner.java:363) [junit-4.12.jar:4.12]
	at org.springframework.test.context.junit4.SpringJUnit4ClassRunner.run(SpringJUnit4ClassRunner.java:191) [spring-test-4.3.6.RELEASE.jar:4.3.6.RELEASE]
	at org.apache.maven.surefire.junit4.JUnit4Provider.execute(JUnit4Provider.java:283) [surefire-junit4-2.18.1.jar:2.18.1]
	at org.apache.maven.surefire.junit4.JUnit4Provider.executeWithRerun(JUnit4Provider.java:173) [surefire-junit4-2.18.1.jar:2.18.1]
	at org.apache.maven.surefire.junit4.JUnit4Provider.executeTestSet(JUnit4Provider.java:153) [surefire-junit4-2.18.1.jar:2.18.1]
	at org.apache.maven.surefire.junit4.JUnit4Provider.invoke(JUnit4Provider.java:128) [surefire-junit4-2.18.1.jar:2.18.1]
	at org.apache.maven.surefire.booter.ForkedBooter.invokeProviderInSameClassLoader(ForkedBooter.java:203) [surefire-booter-2.18.1.jar:2.18.1]
	at org.apache.maven.surefire.booter.ForkedBooter.runSuitesInProcess(ForkedBooter.java:155) [surefire-booter-2.18.1.jar:2.18.1]
	at org.apache.maven.surefire.booter.ForkedBooter.main(ForkedBooter.java:103) [surefire-booter-2.18.1.jar:2.18.1]

2017-02-22 09:14:09.223  INFO 69668 --- [           main] o.s.w.c.s.GenericWebApplicationContext   : Closing org.springframework.web.context.support.GenericWebApplicationContext@53fe15ff: startup date [Wed Feb 22 09:14:01 GMT+09:00 2017]; root of context hierarchy
2017-02-22 09:14:09.227  INFO 69668 --- [           main] j.LocalContainerEntityManagerFactoryBean : Closing JPA EntityManagerFactory for persistence unit 'default'
2017-02-22 09:14:09.227  INFO 69668 --- [           main] org.hibernate.tool.hbm2ddl.SchemaExport  : HHH000227: Running hbm2ddl schema export
Hibernate: drop table if exists account cascade
Hibernate: drop table if exists cnst cascade
Hibernate: drop table if exists obst cascade
Hibernate: drop table if exists prod cascade
Hibernate: drop table if exists prod_type cascade
Hibernate: drop table if exists qr cascade
Hibernate: drop table if exists qr_link cascade
Hibernate: drop sequence hibernate_sequence
2017-02-22 09:14:09.295  INFO 69668 --- [           main] org.hibernate.tool.hbm2ddl.SchemaExport  : HHH000230: Schema export complete
2017-02-22 09:14:09.298 ERROR 69668 --- [           main] o.s.test.context.TestContextManager      : Caught exception while allowing TestExecutionListener [org.springframework.test.context.web.ServletTestExecutionListener@149e0f5d] to prepare test instance [com.chahoo.u4d.api.account.ApiAccountControllerTest@2ed35f24]

java.lang.NoSuchMethodError: com.fasterxml.classmate.TypeBindings.withAdditionalBinding(Ljava/lang/String;Lcom/fasterxml/classmate/ResolvedType;)Lcom/fasterxml/classmate/TypeBindings;
	at springfox.documentation.schema.WildcardType.adjustedTypeBindings(WildcardType.java:137) ~[springfox-core-2.2.2.jar:2.2.2]
	at springfox.documentation.schema.WildcardType.breadthFirstSearch(WildcardType.java:117) ~[springfox-core-2.2.2.jar:2.2.2]
	at springfox.documentation.schema.WildcardType.collectReplaceables(WildcardType.java:74) ~[springfox-core-2.2.2.jar:2.2.2]
	at springfox.documentation.schema.AlternateTypeRule.alternateFor(AlternateTypeRule.java:50) ~[springfox-core-2.2.2.jar:2.2.2]
	at springfox.documentation.spi.schema.AlternateTypeProvider.alternateFor(AlternateTypeProvider.java:44) ~[springfox-spi-2.2.2.jar:2.2.2]
	at springfox.documentation.spi.service.contexts.RequestMappingContext.alternateFor(RequestMappingContext.java:118) ~[springfox-spi-2.2.2.jar:2.2.2]
	at springfox.documentation.spring.web.readers.operation.OperationModelsProvider.collectFromReturnType(OperationModelsProvider.java:70) ~[springfox-spring-web-2.2.2.jar:2.2.2]
	at springfox.documentation.spring.web.readers.operation.OperationModelsProvider.apply(OperationModelsProvider.java:59) ~[springfox-spring-web-2.2.2.jar:2.2.2]
	at springfox.documentation.spring.web.plugins.DocumentationPluginsManager.modelContexts(DocumentationPluginsManager.java:129) ~[springfox-spring-web-2.2.2.jar:2.2.2]
	at springfox.documentation.spring.web.scanners.ApiModelReader.read(ApiModelReader.java:62) ~[springfox-spring-web-2.2.2.jar:2.2.2]
	at springfox.documentation.spring.web.scanners.ApiListingScanner.scan(ApiListingScanner.java:91) ~[springfox-spring-web-2.2.2.jar:2.2.2]
	at springfox.documentation.spring.web.scanners.ApiDocumentationScanner.scan(ApiDocumentationScanner.java:62) ~[springfox-spring-web-2.2.2.jar:2.2.2]
	at springfox.documentation.spring.web.plugins.DocumentationPluginsBootstrapper.scanDocumentation(DocumentationPluginsBootstrapper.java:101) ~[springfox-spring-web-2.2.2.jar:2.2.2]
	at springfox.documentation.spring.web.plugins.DocumentationPluginsBootstrapper.onApplicationEvent(DocumentationPluginsBootstrapper.java:87) ~[springfox-spring-web-2.2.2.jar:2.2.2]
	at springfox.documentation.spring.web.plugins.DocumentationPluginsBootstrapper.onApplicationEvent(DocumentationPluginsBootstrapper.java:50) ~[springfox-spring-web-2.2.2.jar:2.2.2]
	at org.springframework.context.event.SimpleApplicationEventMulticaster.invokeListener(SimpleApplicationEventMulticaster.java:167) ~[spring-context-4.3.6.RELEASE.jar:4.3.6.RELEASE]
	at org.springframework.context.event.SimpleApplicationEventMulticaster.multicastEvent(SimpleApplicationEventMulticaster.java:139) ~[spring-context-4.3.6.RELEASE.jar:4.3.6.RELEASE]
	at org.springframework.context.support.AbstractApplicationContext.publishEvent(AbstractApplicationContext.java:383) ~[spring-context-4.3.6.RELEASE.jar:4.3.6.RELEASE]
	at org.springframework.context.support.AbstractApplicationContext.publishEvent(AbstractApplicationContext.java:337) ~[spring-context-4.3.6.RELEASE.jar:4.3.6.RELEASE]
	at org.springframework.context.support.AbstractApplicationContext.finishRefresh(AbstractApplicationContext.java:882) ~[spring-context-4.3.6.RELEASE.jar:4.3.6.RELEASE]
	at org.springframework.context.support.AbstractApplicationContext.refresh(AbstractApplicationContext.java:545) ~[spring-context-4.3.6.RELEASE.jar:4.3.6.RELEASE]
	at org.springframework.boot.SpringApplication.refresh(SpringApplication.java:737) ~[spring-boot-1.5.1.RELEASE.jar:1.5.1.RELEASE]
	at org.springframework.boot.SpringApplication.refreshContext(SpringApplication.java:370) ~[spring-boot-1.5.1.RELEASE.jar:1.5.1.RELEASE]
	at org.springframework.boot.SpringApplication.run(SpringApplication.java:314) ~[spring-boot-1.5.1.RELEASE.jar:1.5.1.RELEASE]
	at org.springframework.boot.test.context.SpringBootContextLoader.loadContext(SpringBootContextLoader.java:120) ~[spring-boot-test-1.5.1.RELEASE.jar:1.5.1.RELEASE]
	at org.springframework.test.context.cache.DefaultCacheAwareContextLoaderDelegate.loadContextInternal(DefaultCacheAwareContextLoaderDelegate.java:98) ~[spring-test-4.3.6.RELEASE.jar:4.3.6.RELEASE]
	at org.springframework.test.context.cache.DefaultCacheAwareContextLoaderDelegate.loadContext(DefaultCacheAwareContextLoaderDelegate.java:116) ~[spring-test-4.3.6.RELEASE.jar:4.3.6.RELEASE]
	at org.springframework.test.context.support.DefaultTestContext.getApplicationContext(DefaultTestContext.java:83) ~[spring-test-4.3.6.RELEASE.jar:4.3.6.RELEASE]
	at org.springframework.test.context.web.ServletTestExecutionListener.setUpRequestContextIfNecessary(ServletTestExecutionListener.java:189) ~[spring-test-4.3.6.RELEASE.jar:4.3.6.RELEASE]
	at org.springframework.test.context.web.ServletTestExecutionListener.prepareTestInstance(ServletTestExecutionListener.java:131) ~[spring-test-4.3.6.RELEASE.jar:4.3.6.RELEASE]
	at org.springframework.test.context.TestContextManager.prepareTestInstance(TestContextManager.java:230) ~[spring-test-4.3.6.RELEASE.jar:4.3.6.RELEASE]
	at org.springframework.test.context.junit4.SpringJUnit4ClassRunner.createTest(SpringJUnit4ClassRunner.java:228) [spring-test-4.3.6.RELEASE.jar:4.3.6.RELEASE]
	at org.springframework.test.context.junit4.SpringJUnit4ClassRunner$1.runReflectiveCall(SpringJUnit4ClassRunner.java:287) [spring-test-4.3.6.RELEASE.jar:4.3.6.RELEASE]
	at org.junit.internal.runners.model.ReflectiveCallable.run(ReflectiveCallable.java:12) [junit-4.12.jar:4.12]
	at org.springframework.test.context.junit4.SpringJUnit4ClassRunner.methodBlock(SpringJUnit4ClassRunner.java:289) [spring-test-4.3.6.RELEASE.jar:4.3.6.RELEASE]
	at org.springframework.test.context.junit4.SpringJUnit4ClassRunner.runChild(SpringJUnit4ClassRunner.java:247) [spring-test-4.3.6.RELEASE.jar:4.3.6.RELEASE]
	at org.springframework.test.context.junit4.SpringJUnit4ClassRunner.runChild(SpringJUnit4ClassRunner.java:94) [spring-test-4.3.6.RELEASE.jar:4.3.6.RELEASE]
	at org.junit.runners.ParentRunner$3.run(ParentRunner.java:290) [junit-4.12.jar:4.12]
	at org.junit.runners.ParentRunner$1.schedule(ParentRunner.java:71) [junit-4.12.jar:4.12]
	at org.junit.runners.ParentRunner.runChildren(ParentRunner.java:288) [junit-4.12.jar:4.12]
	at org.junit.runners.ParentRunner.access$000(ParentRunner.java:58) [junit-4.12.jar:4.12]
	at org.junit.runners.ParentRunner$2.evaluate(ParentRunner.java:268) [junit-4.12.jar:4.12]
	at org.springframework.test.context.junit4.statements.RunBeforeTestClassCallbacks.evaluate(RunBeforeTestClassCallbacks.java:61) [spring-test-4.3.6.RELEASE.jar:4.3.6.RELEASE]
	at org.springframework.test.context.junit4.statements.RunAfterTestClassCallbacks.evaluate(RunAfterTestClassCallbacks.java:70) [spring-test-4.3.6.RELEASE.jar:4.3.6.RELEASE]
	at org.junit.runners.ParentRunner.run(ParentRunner.java:363) [junit-4.12.jar:4.12]
	at org.springframework.test.context.junit4.SpringJUnit4ClassRunner.run(SpringJUnit4ClassRunner.java:191) [spring-test-4.3.6.RELEASE.jar:4.3.6.RELEASE]
	at org.apache.maven.surefire.junit4.JUnit4Provider.execute(JUnit4Provider.java:283) [surefire-junit4-2.18.1.jar:2.18.1]
	at org.apache.maven.surefire.junit4.JUnit4Provider.executeWithRerun(JUnit4Provider.java:173) [surefire-junit4-2.18.1.jar:2.18.1]
	at org.apache.maven.surefire.junit4.JUnit4Provider.executeTestSet(JUnit4Provider.java:153) [surefire-junit4-2.18.1.jar:2.18.1]
	at org.apache.maven.surefire.junit4.JUnit4Provider.invoke(JUnit4Provider.java:128) [surefire-junit4-2.18.1.jar:2.18.1]
	at org.apache.maven.surefire.booter.ForkedBooter.invokeProviderInSameClassLoader(ForkedBooter.java:203) [surefire-booter-2.18.1.jar:2.18.1]
	at org.apache.maven.surefire.booter.ForkedBooter.runSuitesInProcess(ForkedBooter.java:155) [surefire-booter-2.18.1.jar:2.18.1]
	at org.apache.maven.surefire.booter.ForkedBooter.main(ForkedBooter.java:103) [surefire-booter-2.18.1.jar:2.18.1]

]]></system-out>
  </testcase>
  <testcase name="http_get_method_test" classname="com.chahoo.u4d.api.account.ApiAccountControllerTest" time="0">
    <error message="com.fasterxml.classmate.TypeBindings.withAdditionalBinding(Ljava/lang/String;Lcom/fasterxml/classmate/ResolvedType;)Lcom/fasterxml/classmate/TypeBindings;" type="java.lang.NoSuchMethodError">java.lang.NoSuchMethodError: com.fasterxml.classmate.TypeBindings.withAdditionalBinding(Ljava/lang/String;Lcom/fasterxml/classmate/ResolvedType;)Lcom/fasterxml/classmate/TypeBindings;
	at springfox.documentation.schema.WildcardType.adjustedTypeBindings(WildcardType.java:137)
	at springfox.documentation.schema.WildcardType.breadthFirstSearch(WildcardType.java:117)
	at springfox.documentation.schema.WildcardType.collectReplaceables(WildcardType.java:74)
	at springfox.documentation.schema.AlternateTypeRule.alternateFor(AlternateTypeRule.java:50)
	at springfox.documentation.spi.schema.AlternateTypeProvider.alternateFor(AlternateTypeProvider.java:44)
	at springfox.documentation.spi.service.contexts.RequestMappingContext.alternateFor(RequestMappingContext.java:118)
	at springfox.documentation.spring.web.readers.operation.OperationModelsProvider.collectFromReturnType(OperationModelsProvider.java:70)
	at springfox.documentation.spring.web.readers.operation.OperationModelsProvider.apply(OperationModelsProvider.java:59)
	at springfox.documentation.spring.web.plugins.DocumentationPluginsManager.modelContexts(DocumentationPluginsManager.java:129)
	at springfox.documentation.spring.web.scanners.ApiModelReader.read(ApiModelReader.java:62)
	at springfox.documentation.spring.web.scanners.ApiListingScanner.scan(ApiListingScanner.java:91)
	at springfox.documentation.spring.web.scanners.ApiDocumentationScanner.scan(ApiDocumentationScanner.java:62)
	at springfox.documentation.spring.web.plugins.DocumentationPluginsBootstrapper.scanDocumentation(DocumentationPluginsBootstrapper.java:101)
	at springfox.documentation.spring.web.plugins.DocumentationPluginsBootstrapper.onApplicationEvent(DocumentationPluginsBootstrapper.java:87)
	at springfox.documentation.spring.web.plugins.DocumentationPluginsBootstrapper.onApplicationEvent(DocumentationPluginsBootstrapper.java:50)
	at org.springframework.context.event.SimpleApplicationEventMulticaster.invokeListener(SimpleApplicationEventMulticaster.java:167)
	at org.springframework.context.event.SimpleApplicationEventMulticaster.multicastEvent(SimpleApplicationEventMulticaster.java:139)
	at org.springframework.context.support.AbstractApplicationContext.publishEvent(AbstractApplicationContext.java:383)
	at org.springframework.context.support.AbstractApplicationContext.publishEvent(AbstractApplicationContext.java:337)
	at org.springframework.context.support.AbstractApplicationContext.finishRefresh(AbstractApplicationContext.java:882)
	at org.springframework.context.support.AbstractApplicationContext.refresh(AbstractApplicationContext.java:545)
	at org.springframework.boot.SpringApplication.refresh(SpringApplication.java:737)
	at org.springframework.boot.SpringApplication.refreshContext(SpringApplication.java:370)
	at org.springframework.boot.SpringApplication.run(SpringApplication.java:314)
	at org.springframework.boot.test.context.SpringBootContextLoader.loadContext(SpringBootContextLoader.java:120)
	at org.springframework.test.context.cache.DefaultCacheAwareContextLoaderDelegate.loadContextInternal(DefaultCacheAwareContextLoaderDelegate.java:98)
	at org.springframework.test.context.cache.DefaultCacheAwareContextLoaderDelegate.loadContext(DefaultCacheAwareContextLoaderDelegate.java:116)
	at org.springframework.test.context.support.DefaultTestContext.getApplicationContext(DefaultTestContext.java:83)
	at org.springframework.test.context.web.ServletTestExecutionListener.setUpRequestContextIfNecessary(ServletTestExecutionListener.java:189)
	at org.springframework.test.context.web.ServletTestExecutionListener.prepareTestInstance(ServletTestExecutionListener.java:131)
	at org.springframework.test.context.TestContextManager.prepareTestInstance(TestContextManager.java:230)
	at org.springframework.test.context.junit4.SpringJUnit4ClassRunner.createTest(SpringJUnit4ClassRunner.java:228)
	at org.springframework.test.context.junit4.SpringJUnit4ClassRunner$1.runReflectiveCall(SpringJUnit4ClassRunner.java:287)
	at org.junit.internal.runners.model.ReflectiveCallable.run(ReflectiveCallable.java:12)
	at org.springframework.test.context.junit4.SpringJUnit4ClassRunner.methodBlock(SpringJUnit4ClassRunner.java:289)
	at org.springframework.test.context.junit4.SpringJUnit4ClassRunner.runChild(SpringJUnit4ClassRunner.java:247)
	at org.springframework.test.context.junit4.SpringJUnit4ClassRunner.runChild(SpringJUnit4ClassRunner.java:94)
	at org.junit.runners.ParentRunner$3.run(ParentRunner.java:290)
	at org.junit.runners.ParentRunner$1.schedule(ParentRunner.java:71)
	at org.junit.runners.ParentRunner.runChildren(ParentRunner.java:288)
	at org.junit.runners.ParentRunner.access$000(ParentRunner.java:58)
	at org.junit.runners.ParentRunner$2.evaluate(ParentRunner.java:268)
	at org.springframework.test.context.junit4.statements.RunBeforeTestClassCallbacks.evaluate(RunBeforeTestClassCallbacks.java:61)
	at org.springframework.test.context.junit4.statements.RunAfterTestClassCallbacks.evaluate(RunAfterTestClassCallbacks.java:70)
	at org.junit.runners.ParentRunner.run(ParentRunner.java:363)
	at org.springframework.test.context.junit4.SpringJUnit4ClassRunner.run(SpringJUnit4ClassRunner.java:191)
	at org.apache.maven.surefire.junit4.JUnit4Provider.execute(JUnit4Provider.java:283)
	at org.apache.maven.surefire.junit4.JUnit4Provider.executeWithRerun(JUnit4Provider.java:173)
	at org.apache.maven.surefire.junit4.JUnit4Provider.executeTestSet(JUnit4Provider.java:153)
	at org.apache.maven.surefire.junit4.JUnit4Provider.invoke(JUnit4Provider.java:128)
	at org.apache.maven.surefire.booter.ForkedBooter.invokeProviderInSameClassLoader(ForkedBooter.java:203)
	at org.apache.maven.surefire.booter.ForkedBooter.runSuitesInProcess(ForkedBooter.java:155)
	at org.apache.maven.surefire.booter.ForkedBooter.main(ForkedBooter.java:103)
</error>
    <system-out><![CDATA[__/\\\________/\\\______________________/\\\_______________/\\\\\\\\\\\\____
 _\/\\\_______\/\\\____________________/\\\\\______________\/\\\////////\\\__
  _\/\\\_______\/\\\__________________/\\\/\\\______________\/\\\______\//\\\_
   _\/\\\_______\/\\\________________/\\\/\/\\\______________\/\\\_______\/\\\_
    _\/\\\_______\/\\\______________/\\\/__\/\\\______________\/\\\_______\/\\\_
     _\/\\\_______\/\\\____________/\\\\\\\\\\\\\\\\___________\/\\\_______\/\\\_
      _\//\\\______/\\\____________\///////////\\\//____________\/\\\_______/\\\__
       __\///\\\\\\\\\/_______________________\/\\\______________\/\\\\\\\\\\\\/___
        ____\/////////_________________________\///_______________\////////////_____


????         ???????    ???  ???     ??????     ???  ???     ???????      ???????         ????
????        ????????    ???  ???    ????????    ???  ???    ?????????    ?????????        ????
???         ???         ????????    ????????    ????????    ???   ???    ???   ???         ???
???         ???         ????????    ????????    ????????    ???   ???    ???   ???         ???
????        ????????    ???  ???    ???  ???    ???  ???    ?????????    ?????????        ????
????         ???????    ???  ???    ???  ???    ???  ???     ???????      ???????         ????



2017-02-22 09:14:09.360  INFO 69668 --- [           main] c.c.u.a.a.ApiAccountControllerTest       : Starting ApiAccountControllerTest on LAPTOP-DP780HI6 with PID 69668 (started by jjryu in D:\workspace_sts\Line)
2017-02-22 09:14:09.360  INFO 69668 --- [           main] c.c.u.a.a.ApiAccountControllerTest       : No active profile set, falling back to default profiles: default
2017-02-22 09:14:09.362  INFO 69668 --- [           main] o.s.w.c.s.GenericWebApplicationContext   : Refreshing org.springframework.web.context.support.GenericWebApplicationContext@50e6ee24: startup date [Wed Feb 22 09:14:09 GMT+09:00 2017]; root of context hierarchy
2017-02-22 09:14:09.968  INFO 69668 --- [           main] trationDelegate$BeanPostProcessorChecker : Bean 'org.springframework.boot.autoconfigure.validation.ValidationAutoConfiguration' of type [class org.springframework.boot.autoconfigure.validation.ValidationAutoConfiguration] is not eligible for getting processed by all BeanPostProcessors (for example: not eligible for auto-proxying)
[...]
2017-02-22 09:14:12.914  INFO 69668 --- [           main] s.w.ClassOrApiAnnotationResourceGrouping : Group for method deleteQr was build-info-controller
2017-02-22 09:14:12.914  INFO 69668 --- [           main] s.d.s.w.s.ApiListingReferenceScanner     : Request mapping: deleteQr belongs to groups: [[ResourceGroup{groupName='build-info-controller', position=0, controller=com.chahoo.u4d.api.buildInfo.BuildInfoController}]] 
2017-02-22 09:14:12.914  INFO 69668 --- [           main] s.w.ClassOrApiAnnotationResourceGrouping : Group for method getQr was build-info-controller
2017-02-22 09:14:12.914  INFO 69668 --- [           main] s.d.s.w.s.ApiListingReferenceScanner     : Request mapping: getQr belongs to groups: [[ResourceGroup{groupName='build-info-controller', position=0, controller=com.chahoo.u4d.api.buildInfo.BuildInfoController}]] 
2017-02-22 09:14:12.914  INFO 69668 --- [           main] s.w.ClassOrApiAnnotationResourceGrouping : Group for method updateQr was build-info-controller
2017-02-22 09:14:12.915  INFO 69668 --- [           main] s.d.s.w.s.ApiListingReferenceScanner     : Request mapping: updateQr belongs to groups: [[ResourceGroup{groupName='build-info-controller', position=0, controller=com.chahoo.u4d.api.buildInfo.BuildInfoController}]] 
2017-02-22 09:14:12.915  INFO 69668 --- [           main] s.w.ClassOrApiAnnotationResourceGrouping : Group for method getQrList was build-info-controller
2017-02-22 09:14:12.915  INFO 69668 --- [           main] s.d.s.w.s.ApiListingReferenceScanner     : Request mapping: getQrList belongs to groups: [[ResourceGroup{groupName='build-info-controller', position=0, controller=com.chahoo.u4d.api.buildInfo.BuildInfoController}]] 
2017-02-22 09:14:12.915  INFO 69668 --- [           main] s.w.ClassOrApiAnnotationResourceGrouping : Group for method createQr was build-info-controller
2017-02-22 09:14:12.915  INFO 69668 --- [           main] s.d.s.w.s.ApiListingReferenceScanner     : Request mapping: createQr belongs to groups: [[ResourceGroup{groupName='build-info-controller', position=0, controller=com.chahoo.u4d.api.buildInfo.BuildInfoController}]] 
2017-02-22 09:14:12.916  INFO 69668 --- [           main] s.d.s.w.s.ApiListingReferenceScanner     : Created resource listing Path: /default/build-info-controller Description: build-info-controller Position: 0
2017-02-22 09:14:12.920  INFO 69668 --- [           main] utoConfigurationReportLoggingInitializer : 

Error starting ApplicationContext. To display the auto-configuration report re-run your application with 'debug' enabled.
2017-02-22 09:14:12.924 ERROR 69668 --- [           main] o.s.boot.SpringApplication               : Application startup failed

java.lang.NoSuchMethodError: com.fasterxml.classmate.TypeBindings.withAdditionalBinding(Ljava/lang/String;Lcom/fasterxml/classmate/ResolvedType;)Lcom/fasterxml/classmate/TypeBindings;
	at springfox.documentation.schema.WildcardType.adjustedTypeBindings(WildcardType.java:137) ~[springfox-core-2.2.2.jar:2.2.2]
	at springfox.documentation.schema.WildcardType.breadthFirstSearch(WildcardType.java:117) ~[springfox-core-2.2.2.jar:2.2.2]
	at springfox.documentation.schema.WildcardType.collectReplaceables(WildcardType.java:74) ~[springfox-core-2.2.2.jar:2.2.2]
	at springfox.documentation.schema.AlternateTypeRule.alternateFor(AlternateTypeRule.java:50) ~[springfox-core-2.2.2.jar:2.2.2]
	at springfox.documentation.spi.schema.AlternateTypeProvider.alternateFor(AlternateTypeProvider.java:44) ~[springfox-spi-2.2.2.jar:2.2.2]
	at springfox.documentation.spi.service.contexts.RequestMappingContext.alternateFor(RequestMappingContext.java:118) ~[springfox-spi-2.2.2.jar:2.2.2]
	at springfox.documentation.spring.web.readers.operation.OperationModelsProvider.collectFromReturnType(OperationModelsProvider.java:70) ~[springfox-spring-web-2.2.2.jar:2.2.2]
	at springfox.documentation.spring.web.readers.operation.OperationModelsProvider.apply(OperationModelsProvider.java:59) ~[springfox-spring-web-2.2.2.jar:2.2.2]
	at springfox.documentation.spring.web.plugins.DocumentationPluginsManager.modelContexts(DocumentationPluginsManager.java:129) ~[springfox-spring-web-2.2.2.jar:2.2.2]
	at springfox.documentation.spring.web.scanners.ApiModelReader.read(ApiModelReader.java:62) ~[springfox-spring-web-2.2.2.jar:2.2.2]
	at springfox.documentation.spring.web.scanners.ApiListingScanner.scan(ApiListingScanner.java:91) ~[springfox-spring-web-2.2.2.jar:2.2.2]
	at springfox.documentation.spring.web.scanners.ApiDocumentationScanner.scan(ApiDocumentationScanner.java:62) ~[springfox-spring-web-2.2.2.jar:2.2.2]
	at springfox.documentation.spring.web.plugins.DocumentationPluginsBootstrapper.scanDocumentation(DocumentationPluginsBootstrapper.java:101) ~[springfox-spring-web-2.2.2.jar:2.2.2]
	at springfox.documentation.spring.web.plugins.DocumentationPluginsBootstrapper.onApplicationEvent(DocumentationPluginsBootstrapper.java:87) ~[springfox-spring-web-2.2.2.jar:2.2.2]
	at springfox.documentation.spring.web.plugins.DocumentationPluginsBootstrapper.onApplicationEvent(DocumentationPluginsBootstrapper.java:50) ~[springfox-spring-web-2.2.2.jar:2.2.2]
	at org.springframework.context.event.SimpleApplicationEventMulticaster.invokeListener(SimpleApplicationEventMulticaster.java:167) ~[spring-context-4.3.6.RELEASE.jar:4.3.6.RELEASE]
	at org.springframework.context.event.SimpleApplicationEventMulticaster.multicastEvent(SimpleApplicationEventMulticaster.java:139) ~[spring-context-4.3.6.RELEASE.jar:4.3.6.RELEASE]
	at org.springframework.context.support.AbstractApplicationContext.publishEvent(AbstractApplicationContext.java:383) ~[spring-context-4.3.6.RELEASE.jar:4.3.6.RELEASE]
	at org.springframework.context.support.AbstractApplicationContext.publishEvent(AbstractApplicationContext.java:337) ~[spring-context-4.3.6.RELEASE.jar:4.3.6.RELEASE]
	at org.springframework.context.support.AbstractApplicationContext.finishRefresh(AbstractApplicationContext.java:882) ~[spring-context-4.3.6.RELEASE.jar:4.3.6.RELEASE]
	at org.springframework.context.support.AbstractApplicationContext.refresh(AbstractApplicationContext.java:545) ~[spring-context-4.3.6.RELEASE.jar:4.3.6.RELEASE]
	at org.springframework.boot.SpringApplication.refresh(SpringApplication.java:737) ~[spring-boot-1.5.1.RELEASE.jar:1.5.1.RELEASE]
	at org.springframework.boot.SpringApplication.refreshContext(SpringApplication.java:370) ~[spring-boot-1.5.1.RELEASE.jar:1.5.1.RELEASE]
	at org.springframework.boot.SpringApplication.run(SpringApplication.java:314) ~[spring-boot-1.5.1.RELEASE.jar:1.5.1.RELEASE]
	at org.springframework.boot.test.context.SpringBootContextLoader.loadContext(SpringBootContextLoader.java:120) [spring-boot-test-1.5.1.RELEASE.jar:1.5.1.RELEASE]
	at org.springframework.test.context.cache.DefaultCacheAwareContextLoaderDelegate.loadContextInternal(DefaultCacheAwareContextLoaderDelegate.java:98) [spring-test-4.3.6.RELEASE.jar:4.3.6.RELEASE]
	at org.springframework.test.context.cache.DefaultCacheAwareContextLoaderDelegate.loadContext(DefaultCacheAwareContextLoaderDelegate.java:116) [spring-test-4.3.6.RELEASE.jar:4.3.6.RELEASE]
	at org.springframework.test.context.support.DefaultTestContext.getApplicationContext(DefaultTestContext.java:83) [spring-test-4.3.6.RELEASE.jar:4.3.6.RELEASE]
	at org.springframework.test.context.web.ServletTestExecutionListener.setUpRequestContextIfNecessary(ServletTestExecutionListener.java:189) [spring-test-4.3.6.RELEASE.jar:4.3.6.RELEASE]
	at org.springframework.test.context.web.ServletTestExecutionListener.prepareTestInstance(ServletTestExecutionListener.java:131) [spring-test-4.3.6.RELEASE.jar:4.3.6.RELEASE]
	at org.springframework.test.context.TestContextManager.prepareTestInstance(TestContextManager.java:230) [spring-test-4.3.6.RELEASE.jar:4.3.6.RELEASE]
	at org.springframework.test.context.junit4.SpringJUnit4ClassRunner.createTest(SpringJUnit4ClassRunner.java:228) [spring-test-4.3.6.RELEASE.jar:4.3.6.RELEASE]
	at org.springframework.test.context.junit4.SpringJUnit4ClassRunner$1.runReflectiveCall(SpringJUnit4ClassRunner.java:287) [spring-test-4.3.6.RELEASE.jar:4.3.6.RELEASE]
	at org.junit.internal.runners.model.ReflectiveCallable.run(ReflectiveCallable.java:12) [junit-4.12.jar:4.12]
	at org.springframework.test.context.junit4.SpringJUnit4ClassRunner.methodBlock(SpringJUnit4ClassRunner.java:289) [spring-test-4.3.6.RELEASE.jar:4.3.6.RELEASE]
	at org.springframework.test.context.junit4.SpringJUnit4ClassRunner.runChild(SpringJUnit4ClassRunner.java:247) [spring-test-4.3.6.RELEASE.jar:4.3.6.RELEASE]
	at org.springframework.test.context.junit4.SpringJUnit4ClassRunner.runChild(SpringJUnit4ClassRunner.java:94) [spring-test-4.3.6.RELEASE.jar:4.3.6.RELEASE]
	at org.junit.runners.ParentRunner$3.run(ParentRunner.java:290) [junit-4.12.jar:4.12]
	at org.junit.runners.ParentRunner$1.schedule(ParentRunner.java:71) [junit-4.12.jar:4.12]
	at org.junit.runners.ParentRunner.runChildren(ParentRunner.java:288) [junit-4.12.jar:4.12]
	at org.junit.runners.ParentRunner.access$000(ParentRunner.java:58) [junit-4.12.jar:4.12]
	at org.junit.runners.ParentRunner$2.evaluate(ParentRunner.java:268) [junit-4.12.jar:4.12]
	at org.springframework.test.context.junit4.statements.RunBeforeTestClassCallbacks.evaluate(RunBeforeTestClassCallbacks.java:61) [spring-test-4.3.6.RELEASE.jar:4.3.6.RELEASE]
	at org.springframework.test.context.junit4.statements.RunAfterTestClassCallbacks.evaluate(RunAfterTestClassCallbacks.java:70) [spring-test-4.3.6.RELEASE.jar:4.3.6.RELEASE]
	at org.junit.runners.ParentRunner.run(ParentRunner.java:363) [junit-4.12.jar:4.12]
	at org.springframework.test.context.junit4.SpringJUnit4ClassRunner.run(SpringJUnit4ClassRunner.java:191) [spring-test-4.3.6.RELEASE.jar:4.3.6.RELEASE]
	at org.apache.maven.surefire.junit4.JUnit4Provider.execute(JUnit4Provider.java:283) [surefire-junit4-2.18.1.jar:2.18.1]
	at org.apache.maven.surefire.junit4.JUnit4Provider.executeWithRerun(JUnit4Provider.java:173) [surefire-junit4-2.18.1.jar:2.18.1]
	at org.apache.maven.surefire.junit4.JUnit4Provider.executeTestSet(JUnit4Provider.java:153) [surefire-junit4-2.18.1.jar:2.18.1]
	at org.apache.maven.surefire.junit4.JUnit4Provider.invoke(JUnit4Provider.java:128) [surefire-junit4-2.18.1.jar:2.18.1]
	at org.apache.maven.surefire.booter.ForkedBooter.invokeProviderInSameClassLoader(ForkedBooter.java:203) [surefire-booter-2.18.1.jar:2.18.1]
	at org.apache.maven.surefire.booter.ForkedBooter.runSuitesInProcess(ForkedBooter.java:155) [surefire-booter-2.18.1.jar:2.18.1]
	at org.apache.maven.surefire.booter.ForkedBooter.main(ForkedBooter.java:103) [surefire-booter-2.18.1.jar:2.18.1]

2017-02-22 09:14:12.924  INFO 69668 --- [           main] o.s.w.c.s.GenericWebApplicationContext   : Closing org.springframework.web.context.support.GenericWebApplicationContext@50e6ee24: startup date [Wed Feb 22 09:14:09 GMT+09:00 2017]; root of context hierarchy
2017-02-22 09:14:12.928  INFO 69668 --- [           main] j.LocalContainerEntityManagerFactoryBean : Closing JPA EntityManagerFactory for persistence unit 'default'
2017-02-22 09:14:12.928  INFO 69668 --- [           main] org.hibernate.tool.hbm2ddl.SchemaExport  : HHH000227: Running hbm2ddl schema export
Hibernate: drop table if exists account cascade
Hibernate: drop table if exists cnst cascade
Hibernate: drop table if exists obst cascade
Hibernate: drop table if exists prod cascade
Hibernate: drop table if exists prod_type cascade
Hibernate: drop table if exists qr cascade
Hibernate: drop table if exists qr_link cascade
Hibernate: drop sequence hibernate_sequence
2017-02-22 09:14:12.998  INFO 69668 --- [           main] org.hibernate.tool.hbm2ddl.SchemaExport  : HHH000230: Schema export complete
2017-02-22 09:14:13.001 ERROR 69668 --- [           main] o.s.test.context.TestContextManager      : Caught exception while allowing TestExecutionListener [org.springframework.test.context.web.ServletTestExecutionListener@149e0f5d] to prepare test instance [com.chahoo.u4d.api.account.ApiAccountControllerTest@7c35d7d]

java.lang.NoSuchMethodError: com.fasterxml.classmate.TypeBindings.withAdditionalBinding(Ljava/lang/String;Lcom/fasterxml/classmate/ResolvedType;)Lcom/fasterxml/classmate/TypeBindings;
	at springfox.documentation.schema.WildcardType.adjustedTypeBindings(WildcardType.java:137) ~[springfox-core-2.2.2.jar:2.2.2]
	at springfox.documentation.schema.WildcardType.breadthFirstSearch(WildcardType.java:117) ~[springfox-core-2.2.2.jar:2.2.2]
	at springfox.documentation.schema.WildcardType.collectReplaceables(WildcardType.java:74) ~[springfox-core-2.2.2.jar:2.2.2]
	at springfox.documentation.schema.AlternateTypeRule.alternateFor(AlternateTypeRule.java:50) ~[springfox-core-2.2.2.jar:2.2.2]
	at springfox.documentation.spi.schema.AlternateTypeProvider.alternateFor(AlternateTypeProvider.java:44) ~[springfox-spi-2.2.2.jar:2.2.2]
	at springfox.documentation.spi.service.contexts.RequestMappingContext.alternateFor(RequestMappingContext.java:118) ~[springfox-spi-2.2.2.jar:2.2.2]
	at springfox.documentation.spring.web.readers.operation.OperationModelsProvider.collectFromReturnType(OperationModelsProvider.java:70) ~[springfox-spring-web-2.2.2.jar:2.2.2]
	at springfox.documentation.spring.web.readers.operation.OperationModelsProvider.apply(OperationModelsProvider.java:59) ~[springfox-spring-web-2.2.2.jar:2.2.2]
	at springfox.documentation.spring.web.plugins.DocumentationPluginsManager.modelContexts(DocumentationPluginsManager.java:129) ~[springfox-spring-web-2.2.2.jar:2.2.2]
	at springfox.documentation.spring.web.scanners.ApiModelReader.read(ApiModelReader.java:62) ~[springfox-spring-web-2.2.2.jar:2.2.2]
	at springfox.documentation.spring.web.scanners.ApiListingScanner.scan(ApiListingScanner.java:91) ~[springfox-spring-web-2.2.2.jar:2.2.2]
	at springfox.documentation.spring.web.scanners.ApiDocumentationScanner.scan(ApiDocumentationScanner.java:62) ~[springfox-spring-web-2.2.2.jar:2.2.2]
	at springfox.documentation.spring.web.plugins.DocumentationPluginsBootstrapper.scanDocumentation(DocumentationPluginsBootstrapper.java:101) ~[springfox-spring-web-2.2.2.jar:2.2.2]
	at springfox.documentation.spring.web.plugins.DocumentationPluginsBootstrapper.onApplicationEvent(DocumentationPluginsBootstrapper.java:87) ~[springfox-spring-web-2.2.2.jar:2.2.2]
	at springfox.documentation.spring.web.plugins.DocumentationPluginsBootstrapper.onApplicationEvent(DocumentationPluginsBootstrapper.java:50) ~[springfox-spring-web-2.2.2.jar:2.2.2]
	at org.springframework.context.event.SimpleApplicationEventMulticaster.invokeListener(SimpleApplicationEventMulticaster.java:167) ~[spring-context-4.3.6.RELEASE.jar:4.3.6.RELEASE]
	at org.springframework.context.event.SimpleApplicationEventMulticaster.multicastEvent(SimpleApplicationEventMulticaster.java:139) ~[spring-context-4.3.6.RELEASE.jar:4.3.6.RELEASE]
	at org.springframework.context.support.AbstractApplicationContext.publishEvent(AbstractApplicationContext.java:383) ~[spring-context-4.3.6.RELEASE.jar:4.3.6.RELEASE]
	at org.springframework.context.support.AbstractApplicationContext.publishEvent(AbstractApplicationContext.java:337) ~[spring-context-4.3.6.RELEASE.jar:4.3.6.RELEASE]
	at org.springframework.context.support.AbstractApplicationContext.finishRefresh(AbstractApplicationContext.java:882) ~[spring-context-4.3.6.RELEASE.jar:4.3.6.RELEASE]
	at org.springframework.context.support.AbstractApplicationContext.refresh(AbstractApplicationContext.java:545) ~[spring-context-4.3.6.RELEASE.jar:4.3.6.RELEASE]
	at org.springframework.boot.SpringApplication.refresh(SpringApplication.java:737) ~[spring-boot-1.5.1.RELEASE.jar:1.5.1.RELEASE]
	at org.springframework.boot.SpringApplication.refreshContext(SpringApplication.java:370) ~[spring-boot-1.5.1.RELEASE.jar:1.5.1.RELEASE]
	at org.springframework.boot.SpringApplication.run(SpringApplication.java:314) ~[spring-boot-1.5.1.RELEASE.jar:1.5.1.RELEASE]
	at org.springframework.boot.test.context.SpringBootContextLoader.loadContext(SpringBootContextLoader.java:120) ~[spring-boot-test-1.5.1.RELEASE.jar:1.5.1.RELEASE]
	at org.springframework.test.context.cache.DefaultCacheAwareContextLoaderDelegate.loadContextInternal(DefaultCacheAwareContextLoaderDelegate.java:98) ~[spring-test-4.3.6.RELEASE.jar:4.3.6.RELEASE]
	at org.springframework.test.context.cache.DefaultCacheAwareContextLoaderDelegate.loadContext(DefaultCacheAwareContextLoaderDelegate.java:116) ~[spring-test-4.3.6.RELEASE.jar:4.3.6.RELEASE]
	at org.springframework.test.context.support.DefaultTestContext.getApplicationContext(DefaultTestContext.java:83) ~[spring-test-4.3.6.RELEASE.jar:4.3.6.RELEASE]
	at org.springframework.test.context.web.ServletTestExecutionListener.setUpRequestContextIfNecessary(ServletTestExecutionListener.java:189) ~[spring-test-4.3.6.RELEASE.jar:4.3.6.RELEASE]
	at org.springframework.test.context.web.ServletTestExecutionListener.prepareTestInstance(ServletTestExecutionListener.java:131) ~[spring-test-4.3.6.RELEASE.jar:4.3.6.RELEASE]
	at org.springframework.test.context.TestContextManager.prepareTestInstance(TestContextManager.java:230) ~[spring-test-4.3.6.RELEASE.jar:4.3.6.RELEASE]
	at org.springframework.test.context.junit4.SpringJUnit4ClassRunner.createTest(SpringJUnit4ClassRunner.java:228) [spring-test-4.3.6.RELEASE.jar:4.3.6.RELEASE]
	at org.springframework.test.context.junit4.SpringJUnit4ClassRunner$1.runReflectiveCall(SpringJUnit4ClassRunner.java:287) [spring-test-4.3.6.RELEASE.jar:4.3.6.RELEASE]
	at org.junit.internal.runners.model.ReflectiveCallable.run(ReflectiveCallable.java:12) [junit-4.12.jar:4.12]
	at org.springframework.test.context.junit4.SpringJUnit4ClassRunner.methodBlock(SpringJUnit4ClassRunner.java:289) [spring-test-4.3.6.RELEASE.jar:4.3.6.RELEASE]
	at org.springframework.test.context.junit4.SpringJUnit4ClassRunner.runChild(SpringJUnit4ClassRunner.java:247) [spring-test-4.3.6.RELEASE.jar:4.3.6.RELEASE]
	at org.springframework.test.context.junit4.SpringJUnit4ClassRunner.runChild(SpringJUnit4ClassRunner.java:94) [spring-test-4.3.6.RELEASE.jar:4.3.6.RELEASE]
	at org.junit.runners.ParentRunner$3.run(ParentRunner.java:290) [junit-4.12.jar:4.12]
	at org.junit.runners.ParentRunner$1.schedule(ParentRunner.java:71) [junit-4.12.jar:4.12]
	at org.junit.runners.ParentRunner.runChildren(ParentRunner.java:288) [junit-4.12.jar:4.12]
	at org.junit.runners.ParentRunner.access$000(ParentRunner.java:58) [junit-4.12.jar:4.12]
	at org.junit.runners.ParentRunner$2.evaluate(ParentRunner.java:268) [junit-4.12.jar:4.12]
	at org.springframework.test.context.junit4.statements.RunBeforeTestClassCallbacks.evaluate(RunBeforeTestClassCallbacks.java:61) [spring-test-4.3.6.RELEASE.jar:4.3.6.RELEASE]
	at org.springframework.test.context.junit4.statements.RunAfterTestClassCallbacks.evaluate(RunAfterTestClassCallbacks.java:70) [spring-test-4.3.6.RELEASE.jar:4.3.6.RELEASE]
	at org.junit.runners.ParentRunner.run(ParentRunner.java:363) [junit-4.12.jar:4.12]
	at org.springframework.test.context.junit4.SpringJUnit4ClassRunner.run(SpringJUnit4ClassRunner.java:191) [spring-test-4.3.6.RELEASE.jar:4.3.6.RELEASE]
	at org.apache.maven.surefire.junit4.JUnit4Provider.execute(JUnit4Provider.java:283) [surefire-junit4-2.18.1.jar:2.18.1]
	at org.apache.maven.surefire.junit4.JUnit4Provider.executeWithRerun(JUnit4Provider.java:173) [surefire-junit4-2.18.1.jar:2.18.1]
	at org.apache.maven.surefire.junit4.JUnit4Provider.executeTestSet(JUnit4Provider.java:153) [surefire-junit4-2.18.1.jar:2.18.1]
	at org.apache.maven.surefire.junit4.JUnit4Provider.invoke(JUnit4Provider.java:128) [surefire-junit4-2.18.1.jar:2.18.1]
	at org.apache.maven.surefire.booter.ForkedBooter.invokeProviderInSameClassLoader(ForkedBooter.java:203) [surefire-booter-2.18.1.jar:2.18.1]
	at org.apache.maven.surefire.booter.ForkedBooter.runSuitesInProcess(ForkedBooter.java:155) [surefire-booter-2.18.1.jar:2.18.1]
	at org.apache.maven.surefire.booter.ForkedBooter.main(ForkedBooter.java:103) [surefire-booter-2.18.1.jar:2.18.1]

]]></system-out>
  </testcase>
</testsuite>