<?xml version="1.0" encoding="UTF-8"?>
<testsuite name="com.chahoo.u4d.U4DApplicationTests" time="0" tests="1" errors="1" skipped="0" failures="0">
  <properties>
[...]
</properties>
  <testcase name="contextLoads" classname="com.chahoo.u4d.U4DApplicationTests" time="0">
    <error message="com.fasterxml.classmate.TypeBindings.withAdditionalBinding(Ljava/lang/String;Lcom/fasterxml/classmate/ResolvedType;)Lcom/fasterxml/classmate/TypeBindings;" type="java.lang.NoSuchMethodError">java.lang.NoSuchMethodError: com.fasterxml.classmate.TypeBindings.withAdditionalBinding(Ljava/lang/String;Lcom/fasterxml/classmate/ResolvedType;)Lcom/fasterxml/classmate/TypeBindings;
	at springfox.documentation.schema.WildcardType.adjustedTypeBindings(WildcardType.java:137)
	at springfox.documentation.schema.WildcardType.breadthFirstSearch(WildcardType.java:117)
	at springfox.documentation.schema.WildcardType.collectReplaceables(WildcardType.java:74)
	at springfox.documentation.schema.AlternateTypeRule.alternateFor(AlternateTypeRule.java:50)
	at springfox.documentation.spi.schema.AlternateTypeProvider.alternateFor(AlternateTypeProvider.java:44)
	at springfox.documentation.spi.service.contexts.RequestMappingContext.alternateFor(RequestMappingContext.java:118)
	at springfox.documentation.spring.web.readers.operation.OperationModelsProvider.collectFromReturnType(OperationModelsProvider.java:70)
	at springfox.documentation.spring.web.readers.operation.OperationModelsProvider.apply(OperationModelsProvider.java:59)
	at springfox.documentation.spring.web.plugins.DocumentationPluginsManager.modelContexts(DocumentationPluginsManager.java:129)
	at springfox.documentation.spring.web.scanners.ApiModelReader.read(ApiModelReader.java:62)
	at springfox.documentation.spring.web.scanners.ApiListingScanner.scan(ApiListingScanner.java:91)
	at springfox.documentation.spring.web.scanners.ApiDocumentationScanner.scan(ApiDocumentationScanner.java:62)
	at springfox.documentation.spring.web.plugins.DocumentationPluginsBootstrapper.scanDocumentation(DocumentationPluginsBootstrapper.java:101)
	at springfox.documentation.spring.web.plugins.DocumentationPluginsBootstrapper.onApplicationEvent(DocumentationPluginsBootstrapper.java:87)
	at springfox.documentation.spring.web.plugins.DocumentationPluginsBootstrapper.onApplicationEvent(DocumentationPluginsBootstrapper.java:50)
	at org.springframework.context.event.SimpleApplicationEventMulticaster.invokeListener(SimpleApplicationEventMulticaster.java:167)
	at org.springframework.context.event.SimpleApplicationEventMulticaster.multicastEvent(SimpleApplicationEventMulticaster.java:139)
	at org.springframework.context.support.AbstractApplicationContext.publishEvent(AbstractApplicationContext.java:383)
	at org.springframework.context.support.AbstractApplicationContext.publishEvent(AbstractApplicationContext.java:337)
	at org.springframework.context.support.AbstractApplicationContext.finishRefresh(AbstractApplicationContext.java:882)
	at org.springframework.context.support.AbstractApplicationContext.refresh(AbstractApplicationContext.java:545)
	at org.springframework.boot.SpringApplication.refresh(SpringApplication.java:737)
	at org.springframework.boot.SpringApplication.refreshContext(SpringApplication.java:370)
	at org.springframework.boot.SpringApplication.run(SpringApplication.java:314)
	at org.springframework.boot.test.context.SpringBootContextLoader.loadContext(SpringBootContextLoader.java:120)
	at org.springframework.test.context.cache.DefaultCacheAwareContextLoaderDelegate.loadContextInternal(DefaultCacheAwareContextLoaderDelegate.java:98)
	at org.springframework.test.context.cache.DefaultCacheAwareContextLoaderDelegate.loadContext(DefaultCacheAwareContextLoaderDelegate.java:116)
	at org.springframework.test.context.support.DefaultTestContext.getApplicationContext(DefaultTestContext.java:83)
	at org.springframework.test.context.web.ServletTestExecutionListener.setUpRequestContextIfNecessary(ServletTestExecutionListener.java:189)
	at org.springframework.test.context.web.ServletTestExecutionListener.prepareTestInstance(ServletTestExecutionListener.java:131)
	at org.springframework.test.context.TestContextManager.prepareTestInstance(TestContextManager.java:230)
	at org.springframework.test.context.junit4.SpringJUnit4ClassRunner.createTest(SpringJUnit4ClassRunner.java:228)
	at org.springframework.test.context.junit4.SpringJUnit4ClassRunner$1.runReflectiveCall(SpringJUnit4ClassRunner.java:287)
	at org.junit.internal.runners.model.ReflectiveCallable.run(ReflectiveCallable.java:12)
	at org.springframework.test.context.junit4.SpringJUnit4ClassRunner.methodBlock(SpringJUnit4ClassRunner.java:289)
	at org.springframework.test.context.junit4.SpringJUnit4ClassRunner.runChild(SpringJUnit4ClassRunner.java:247)
	at org.springframework.test.context.junit4.SpringJUnit4ClassRunner.runChild(SpringJUnit4ClassRunner.java:94)
	at org.junit.runners.ParentRunner$3.run(ParentRunner.java:290)
	at org.junit.runners.ParentRunner$1.schedule(ParentRunner.java:71)
	at org.junit.runners.ParentRunner.runChildren(ParentRunner.java:288)
	at org.junit.runners.ParentRunner.access$000(ParentRunner.java:58)
	at org.junit.runners.ParentRunner$2.evaluate(ParentRunner.java:268)
	at org.springframework.test.context.junit4.statements.RunBeforeTestClassCallbacks.evaluate(RunBeforeTestClassCallbacks.java:61)
	at org.springframework.test.context.junit4.statements.RunAfterTestClassCallbacks.evaluate(RunAfterTestClassCallbacks.java:70)
	at org.junit.runners.ParentRunner.run(ParentRunner.java:363)
	at org.springframework.test.context.junit4.SpringJUnit4ClassRunner.run(SpringJUnit4ClassRunner.java:191)
	at org.apache.maven.surefire.junit4.JUnit4Provider.execute(JUnit4Provider.java:283)
	at org.apache.maven.surefire.junit4.JUnit4Provider.executeWithRerun(JUnit4Provider.java:173)
	at org.apache.maven.surefire.junit4.JUnit4Provider.executeTestSet(JUnit4Provider.java:153)
	at org.apache.maven.surefire.junit4.JUnit4Provider.invoke(JUnit4Provider.java:128)
	at org.apache.maven.surefire.booter.ForkedBooter.invokeProviderInSameClassLoader(ForkedBooter.java:203)
	at org.apache.maven.surefire.booter.ForkedBooter.runSuitesInProcess(ForkedBooter.java:155)
	at org.apache.maven.surefire.booter.ForkedBooter.main(ForkedBooter.java:103)
</error>
    <system-out><![CDATA[2017-02-22 09:14:33.962  INFO 69668 --- [           main] .b.t.c.SpringBootTestContextBootstrapper : Neither @ContextConfiguration nor @ContextHierarchy found for test class [com.chahoo.u4d.U4DApplicationTests], using SpringBootContextLoader
2017-02-22 09:14:33.962  INFO 69668 --- [           main] o.s.t.c.support.AbstractContextLoader    : Could not detect default resource locations for test class [com.chahoo.u4d.U4DApplicationTests]: no resource found for suffixes {-context.xml, Context.groovy}.
2017-02-22 09:14:33.962  INFO 69668 --- [           main] t.c.s.AnnotationConfigContextLoaderUtils : Could not detect default configuration classes for test class [com.chahoo.u4d.U4DApplicationTests]: U4DApplicationTests does not declare any static, non-private, non-final, nested classes annotated with @Configuration.
2017-02-22 09:14:33.966  INFO 69668 --- [           main] .b.t.c.SpringBootTestContextBootstrapper : Found @SpringBootConfiguration com.chahoo.u4d.U4DApplication for test class com.chahoo.u4d.U4DApplicationTests
2017-02-22 09:14:33.970  INFO 69668 --- [           main] .b.t.c.SpringBootTestContextBootstrapper : Loaded default TestExecutionListener class names from location [META-INF/spring.factories]: [org.springframework.boot.test.mock.mockito.MockitoTestExecutionListener, org.springframework.boot.test.mock.mockito.ResetMocksTestExecutionListener, org.springframework.boot.test.autoconfigure.restdocs.RestDocsTestExecutionListener, org.springframework.boot.test.autoconfigure.web.client.MockRestServiceServerResetTestExecutionListener, org.springframework.boot.test.autoconfigure.web.servlet.MockMvcPrintOnlyOnFailureTestExecutionListener, org.springframework.boot.test.autoconfigure.web.servlet.WebDriverTestExecutionListener, org.springframework.test.context.web.ServletTestExecutionListener, org.springframework.test.context.support.DirtiesContextBeforeModesTestExecutionListener, org.springframework.test.context.support.DependencyInjectionTestExecutionListener, org.springframework.test.context.support.DirtiesContextTestExecutionListener, org.springframework.test.context.transaction.TransactionalTestExecutionListener, org.springframework.test.context.jdbc.SqlScriptsTestExecutionListener, org.springframework.security.test.context.support.WithSecurityContextTestExecutionListener]
2017-02-22 09:14:33.977  INFO 69668 --- [           main] .b.t.c.SpringBootTestContextBootstrapper : Using TestExecutionListeners: [org.springframework.test.context.web.ServletTestExecutionListener@1995883f, org.springframework.test.context.support.DirtiesContextBeforeModesTestExecutionListener@555c0290, org.springframework.boot.test.autoconfigure.SpringBootDependencyInjectionTestExecutionListener@23bc70b6, org.springframework.test.context.support.DirtiesContextTestExecutionListener@35b82c4e, org.springframework.test.context.transaction.TransactionalTestExecutionListener@d99eb6, org.springframework.test.context.jdbc.SqlScriptsTestExecutionListener@35a454bf, org.springframework.security.test.context.support.WithSecurityContextTestExecutionListener@755dab7d, org.springframework.boot.test.autoconfigure.restdocs.RestDocsTestExecutionListener@1f333c4, org.springframework.boot.test.autoconfigure.web.client.MockRestServiceServerResetTestExecutionListener@4d132162, org.springframework.boot.test.mock.mockito.ResetMocksTestExecutionListener@5a0585d3, org.springframework.boot.test.autoconfigure.web.servlet.WebDriverTestExecutionListener@421bcbad, org.springframework.boot.test.autoconfigure.web.servlet.MockMvcPrintOnlyOnFailureTestExecutionListener@5a6ebd39, org.springframework.boot.test.mock.mockito.MockitoTestExecutionListener@ea29f27]
__/\\\________/\\\______________________/\\\_______________/\\\\\\\\\\\\____
 _\/\\\_______\/\\\____________________/\\\\\______________\/\\\////////\\\__
  _\/\\\_______\/\\\__________________/\\\/\\\______________\/\\\______\//\\\_
   _\/\\\_______\/\\\________________/\\\/\/\\\______________\/\\\_______\/\\\_
    _\/\\\_______\/\\\______________/\\\/__\/\\\______________\/\\\_______\/\\\_
     _\/\\\_______\/\\\____________/\\\\\\\\\\\\\\\\___________\/\\\_______\/\\\_
      _\//\\\______/\\\____________\///////////\\\//____________\/\\\_______/\\\__
       __\///\\\\\\\\\/_______________________\/\\\______________\/\\\\\\\\\\\\/___
        ____\/////////_________________________\///_______________\////////////_____


????         ???????    ???  ???     ??????     ???  ???     ???????      ???????         ????
????        ????????    ???  ???    ????????    ???  ???    ?????????    ?????????        ????
???         ???         ????????    ????????    ????????    ???   ???    ???   ???         ???
???         ???         ????????    ????????    ????????    ???   ???    ???   ???         ???
????        ????????    ???  ???    ???  ???    ???  ???    ?????????    ?????????        ????
????         ???????    ???  ???    ???  ???    ???  ???     ???????      ???????         ????



2017-02-22 09:14:34.022  INFO 69668 --- [           main] com.chahoo.u4d.U4DApplicationTests       : Starting U4DApplicationTests on LAPTOP-DP780HI6 with PID 69668 (started by jjryu in D:\workspace_sts\Line)
2017-02-22 09:14:34.022  INFO 69668 --- [           main] com.chahoo.u4d.U4DApplicationTests       : No active profile set, falling back to default profiles: default
2017-02-22 09:14:34.023  INFO 69668 --- [           main] o.s.w.c.s.GenericWebApplicationContext   : Refreshing org.springframework.web.context.support.GenericWebApplicationContext@32f5a26b: startup date [Wed Feb 22 09:14:34 GMT+09:00 2017]; root of context hierarchy
2017-02-22 09:14:34.565  INFO 69668 --- [           main] trationDelegate$BeanPostProcessorChecker : Bean 'org.springframework.boot.autoconfigure.validation.ValidationAutoConfiguration' of type [class org.springframework.boot.autoconfigure.validation.ValidationAutoConfiguration] is not eligible for getting processed by all BeanPostProcessors (for example: not eligible for auto-proxying)
2017-02-22 09:14:34.573  INFO 69668 --- [           main] trationDelegate$BeanPostProcessorChecker : Bean 'validator' of type [class org.springframework.validation.beanvalidation.LocalValidatorFactoryBean] is not eligible for getting processed by all BeanPostProcessors (for example: not eligible for auto-proxying)
2017-02-22 09:14:34.588  INFO 69668 --- [           main] trationDelegate$BeanPostProcessorChecker : Bean 'org.springframework.transaction.annotation.ProxyTransactionManagementConfiguration' of type [class org.springframework.transaction.annotation.ProxyTransactionManagementConfiguration$$EnhancerBySpringCGLIB$$eb70431a] is not eligible for getting processed by all BeanPostProcessors (for example: not eligible for auto-proxying)
2017-02-22 09:14:35.992  INFO 69668 --- [           main] j.LocalContainerEntityManagerFactoryBean : Building JPA container EntityManagerFactory for persistence unit 'default'
2017-02-22 09:14:35.992  INFO 69668 --- [           main] o.hibernate.jpa.internal.util.LogHelper  : HHH000204: Processing PersistenceUnitInfo [
	name: default
	...]
2017-02-22 09:14:36.001  INFO 69668 --- [           main] org.hibernate.dialect.Dialect            : HHH000400: Using dialect: org.hibernate.dialect.PostgreSQL82Dialect
2017-02-22 09:14:36.135  INFO 69668 --- [           main] o.h.e.j.e.i.LobCreatorBuilderImpl        : HHH000424: Disabling contextual LOB creation as createClob() method threw error : java.lang.reflect.InvocationTargetException
2017-02-22 09:14:36.135  INFO 69668 --- [           main] org.hibernate.type.BasicTypeRegistry     : HHH000270: Type registration [java.util.UUID] overrides previous : org.hibernate.type.UUIDBinaryType@2d258eff
2017-02-22 09:14:36.143  WARN 69668 --- [           main] org.hibernate.orm.deprecation            : HHH90000014: Found use of deprecated [org.hibernate.id.SequenceGenerator] sequence-based id generator; use org.hibernate.id.enhanced.SequenceStyleGenerator instead.  See Hibernate Domain Model Mapping Guide for details.
2017-02-22 09:14:36.179  INFO 69668 --- [           main] org.hibernate.tool.hbm2ddl.SchemaExport  : HHH000227: Running hbm2ddl schema export
Hibernate: drop table if exists account cascade
Hibernate: drop table if exists cnst cascade
Hibernate: drop table if exists obst cascade
Hibernate: drop table if exists prod cascade
Hibernate: drop table if exists prod_type cascade
Hibernate: drop table if exists qr cascade
Hibernate: drop table if exists qr_link cascade
Hibernate: drop sequence hibernate_sequence
2017-02-22 09:14:36.184 ERROR 69668 --- [           main] org.hibernate.tool.hbm2ddl.SchemaExport  : HHH000389: Unsuccessful: drop sequence hibernate_sequence
2017-02-22 09:14:36.184 ERROR 69668 --- [           main] org.hibernate.tool.hbm2ddl.SchemaExport  : ERROR: sequence "hibernate_sequence" does not exist
Hibernate: create sequence hibernate_sequence start 1 increment 1
Hibernate: create table account (id int8 not null, create_date timestamp, create_login_id varchar(255), login_id varchar(255) not null, password varchar(255) not null, update_date timestamp, update_login_id varchar(255), user_name varchar(255) not null, primary key (id))
Hibernate: create table cnst (cnst_serno int8 not null, area_serno int8, cnst_goal varchar(255), cnst_nm varchar(255), cnst_pos varchar(255), descr varchar(255), fday date, plan_fday date, plan_tday date, pro_stts varchar(255), reg_date date, reg_user_serno int8, tday date, updt_date date, updt_user_serno int8, use_yn char(1), primary key (cnst_serno))
Hibernate: create table obst (obst_code varchar(255) not null, descr varchar(255), legend_color varchar(255), obst_nm varchar(255), oder int8, reg_date date, reg_user_serno int8, updt_date date, updt_user_serno int8, upper_obst_code varchar(255), use_yn char(1), primary key (obst_code))
Hibernate: create table prod (prod_serno int8 not null, descr varchar(255), man_com_nm varchar(255), mdl_code varchar(255), model_serno int8, mtrl varchar(255), obst_code varchar(255), pipe_dia numeric(19, 2), pipe_dia_descr varchar(255), prod_nm varchar(255), prod_type_code varchar(255), reg_date date, reg_user_serno int8, updt_date date, updt_user_serno int8, use_yn char(1), primary key (prod_serno))
Hibernate: create table prod_type (prod_type_code varchar(255) not null, descr varchar(255), oder int8, prod_type_nm varchar(255), reg_date date, reg_user_serno int8, updt_date date, updt_user_serno int8, upper_prod_type_code varchar(255), use_yn char(1), primary key (prod_type_code))
Hibernate: create table qr (qr_serno int8 not null, area_serno int8, as_tgt_yn char(1), builder_nm varchar(255), buld_date date, buld_yn char(1), cnst_serno int8, descr varchar(255), desg_qr_yn char(1), ins_depth numeric(19, 2), ins_height numeric(19, 2), ins_latu numeric(19, 2), ins_lgtu numeric(19, 2), ins_tm_x numeric(19, 2), ins_tm_y numeric(19, 2), model_info_yn char(1), ofs_x numeric(19, 2), ofs_y numeric(19, 2), ofs_z numeric(19, 2), prod_serno int8 not null, qr_code varchar(255), reg_date date, reg_user_serno int8, rot_x numeric(19, 2), rot_y numeric(19, 2), rot_z numeric(19, 2), scale numeric(19, 2), scale_x numeric(19, 2), scale_y numeric(19, 2), scale_z numeric(19, 2), skin numeric(19, 2), surpnt_mth_code varchar(255), surpnt_no varchar(255), survey_yn char(1), updt_date date, updt_user_serno int8, updt_yn char(1), use_yn char(1), primary key (qr_serno))
Hibernate: create table qr_link (link_serno int8 not null, cnst_serno int8 not null, descr varchar(255), desg_qr_yn char(1), from_qr_serno int8 not null, pipe_length numeric(19, 2), pipeline_serno int8, reg_date date, reg_user_serno int8, survey_yn char(1), to_qr_serno int8 not null, updt_date date, updt_user_serno int8, use_yn char(1), primary key (link_serno))
Hibernate: alter table account add constraint UK_tqpuaqxalcaeddpc0m6mcxobg unique (login_id)
2017-02-22 09:14:36.350  INFO 69668 --- [           main] org.hibernate.tool.hbm2ddl.SchemaExport  : HHH000230: Schema export complete
2017-02-22 09:14:36.353  INFO 69668 --- [           main] j.LocalContainerEntityManagerFactoryBean : Initialized JPA EntityManagerFactory for persistence unit 'default'
2017-02-22 09:14:36.726  INFO 69668 --- [           main] s.w.s.m.m.a.RequestMappingHandlerMapping : Mapped "{[/api/buildInfo/qrs/{qrSerno}],methods=[DELETE]}" onto public org.springframework.http.ResponseEntity com.chahoo.u4d.api.buildInfo.BuildInfoController.deleteQr(com.chahoo.u4d.entity.Qr) throws java.lang.Exception
2017-02-22 09:14:36.726  INFO 69668 --- [           main] s.w.s.m.m.a.RequestMappingHandlerMapping : Mapped "{[/api/buildInfo/qrs/{qrSerno}],methods=[GET]}" onto public org.springframework.http.ResponseEntity com.chahoo.u4d.api.buildInfo.BuildInfoController.getQr(java.lang.String)
2017-02-22 09:14:36.726  INFO 69668 --- [           main] s.w.s.m.m.a.RequestMappingHandlerMapping : Mapped "{[/api/buildInfo/qrs],methods=[GET]}" onto public org.springframework.http.ResponseEntity com.chahoo.u4d.api.buildInfo.BuildInfoController.getQrList(java.util.Map<java.lang.String, java.lang.String>,org.springframework.data.domain.Pageable)
2017-02-22 09:14:36.726  INFO 69668 --- [           main] s.w.s.m.m.a.RequestMappingHandlerMapping : Mapped "{[/api/buildInfo/qrs/{qrSerno}],methods=[PUT]}" onto public org.springframework.http.ResponseEntity com.chahoo.u4d.api.buildInfo.BuildInfoController.updateQr(com.chahoo.u4d.entity.Qr)
2017-02-22 09:14:36.726  INFO 69668 --- [           main] s.w.s.m.m.a.RequestMappingHandlerMapping : Mapped "{[/api/buildInfo/qrs],methods=[POST]}" onto public org.springframework.http.ResponseEntity com.chahoo.u4d.api.buildInfo.BuildInfoController.createQr(com.chahoo.u4d.entity.Qr)
2017-02-22 09:14:36.727  INFO 69668 --- [           main] s.w.s.m.m.a.RequestMappingHandlerMapping : Mapped "{[/v2/api-docs],methods=[GET]}" onto public org.springframework.http.ResponseEntity<springfox.documentation.spring.web.json.Json> springfox.documentation.swagger2.web.Swagger2Controller.getDocumentation(java.lang.String)
2017-02-22 09:14:36.727  INFO 69668 --- [           main] s.w.s.m.m.a.RequestMappingHandlerMapping : Mapped "{[/configuration/security]}" onto org.springframework.http.ResponseEntity<springfox.documentation.swagger.web.SecurityConfiguration> springfox.documentation.swagger.web.ApiResourceController.securityConfiguration()
2017-02-22 09:14:36.727  INFO 69668 --- [           main] s.w.s.m.m.a.RequestMappingHandlerMapping : Mapped "{[/configuration/ui]}" onto org.springframework.http.ResponseEntity<springfox.documentation.swagger.web.UiConfiguration> springfox.documentation.swagger.web.ApiResourceController.uiConfiguration()
2017-02-22 09:14:36.728  INFO 69668 --- [           main] s.w.s.m.m.a.RequestMappingHandlerMapping : Mapped "{[/swagger-resources]}" onto org.springframework.http.ResponseEntity<java.util.List<springfox.documentation.swagger.web.SwaggerResource>> springfox.documentation.swagger.web.ApiResourceController.swaggerResources()
2017-02-22 09:14:36.729  INFO 69668 --- [           main] s.w.s.m.m.a.RequestMappingHandlerMapping : Mapped "{[/error]}" onto public org.springframework.http.ResponseEntity<java.util.Map<java.lang.String, java.lang.Object>> org.springframework.boot.autoconfigure.web.BasicErrorController.error(javax.servlet.http.HttpServletRequest)
2017-02-22 09:14:36.729  INFO 69668 --- [           main] s.w.s.m.m.a.RequestMappingHandlerMapping : Mapped "{[/error],produces=[text/html]}" onto public org.springframework.web.servlet.ModelAndView org.springframework.boot.autoconfigure.web.BasicErrorController.errorHtml(javax.servlet.http.HttpServletRequest,javax.servlet.http.HttpServletResponse)
2017-02-22 09:14:36.912  INFO 69668 --- [           main] s.w.s.m.m.a.RequestMappingHandlerAdapter : Looking for @ControllerAdvice: org.springframework.web.context.support.GenericWebApplicationContext@32f5a26b: startup date [Wed Feb 22 09:14:34 GMT+09:00 2017]; root of context hierarchy
2017-02-22 09:14:36.927  INFO 69668 --- [           main] o.s.w.s.handler.SimpleUrlHandlerMapping  : Mapped URL path [/webjars/**] onto handler of type [class org.springframework.web.servlet.resource.ResourceHttpRequestHandler]
2017-02-22 09:14:36.927  INFO 69668 --- [           main] o.s.w.s.handler.SimpleUrlHandlerMapping  : Mapped URL path [/**] onto handler of type [class org.springframework.web.servlet.resource.ResourceHttpRequestHandler]
2017-02-22 09:14:36.946  INFO 69668 --- [           main] o.s.w.s.handler.SimpleUrlHandlerMapping  : Mapped URL path [/**/favicon.ico] onto handler of type [class org.springframework.web.servlet.resource.ResourceHttpRequestHandler]
2017-02-22 09:14:36.962  INFO 69668 --- [           main] oConfiguration$WelcomePageHandlerMapping : Adding welcome page: ServletContext resource [/index.html]
2017-02-22 09:14:37.284  INFO 69668 --- [           main] o.s.s.web.DefaultSecurityFilterChain     : Creating filter chain: OrRequestMatcher [requestMatchers=[Ant [pattern='/css/**'], Ant [pattern='/js/**'], Ant [pattern='/images/**'], Ant [pattern='/webjars/**'], Ant [pattern='/**/favicon.ico'], Ant [pattern='/error']]], []
2017-02-22 09:14:37.323  INFO 69668 --- [           main] o.s.s.web.DefaultSecurityFilterChain     : Creating filter chain: org.springframework.security.web.util.matcher.AnyRequestMatcher@1, [org.springframework.security.web.context.request.async.WebAsyncManagerIntegrationFilter@519b645c, org.springframework.security.web.context.SecurityContextPersistenceFilter@2a9f6a64, org.springframework.security.web.header.HeaderWriterFilter@3649ff26, org.springframework.security.web.authentication.logout.LogoutFilter@5ba699c9, org.springframework.security.web.savedrequest.RequestCacheAwareFilter@626cd10c, org.springframework.security.web.servletapi.SecurityContextHolderAwareRequestFilter@1ba5b2a8, org.springframework.security.web.authentication.AnonymousAuthenticationFilter@50dffc4, org.springframework.security.web.session.SessionManagementFilter@249c8bee, org.springframework.security.web.access.ExceptionTranslationFilter@7b9675be, org.springframework.security.web.access.intercept.FilterSecurityInterceptor@517b41f]
2017-02-22 09:14:37.333  INFO 69668 --- [           main] o.s.s.web.DefaultSecurityFilterChain     : Creating filter chain: OrRequestMatcher [requestMatchers=[Ant [pattern='/**']]], [org.springframework.security.web.context.request.async.WebAsyncManagerIntegrationFilter@3c3b644b, org.springframework.security.web.context.SecurityContextPersistenceFilter@1b15aa69, org.springframework.security.web.header.HeaderWriterFilter@3f61f9f0, org.springframework.security.web.authentication.logout.LogoutFilter@5807766d, org.springframework.security.web.authentication.www.BasicAuthenticationFilter@6e77d9e6, org.springframework.security.web.savedrequest.RequestCacheAwareFilter@4b831495, org.springframework.security.web.servletapi.SecurityContextHolderAwareRequestFilter@7b1dca6c, org.springframework.security.web.authentication.AnonymousAuthenticationFilter@51ed4c3f, org.springframework.security.web.session.SessionManagementFilter@556ecae8, org.springframework.security.web.access.ExceptionTranslationFilter@3a5d4375, org.springframework.security.web.access.intercept.FilterSecurityInterceptor@1b675b61]
2017-02-22 09:14:37.446  INFO 69668 --- [           main] d.s.w.p.DocumentationPluginsBootstrapper : Context refreshed
2017-02-22 09:14:37.447  INFO 69668 --- [           main] d.s.w.p.DocumentationPluginsBootstrapper : Found {0} custom documentation plugin(s)
2017-02-22 09:14:37.449  INFO 69668 --- [           main] s.d.s.w.s.ApiListingReferenceScanner     : Scanning for api listing references
2017-02-22 09:14:37.449  INFO 69668 --- [           main] s.w.ClassOrApiAnnotationResourceGrouping : Group for method deleteQr was build-info-controller
2017-02-22 09:14:37.449  INFO 69668 --- [           main] s.d.s.w.s.ApiListingReferenceScanner     : Request mapping: deleteQr belongs to groups: [[ResourceGroup{groupName='build-info-controller', position=0, controller=com.chahoo.u4d.api.buildInfo.BuildInfoController}]] 
2017-02-22 09:14:37.449  INFO 69668 --- [           main] s.w.ClassOrApiAnnotationResourceGrouping : Group for method getQr was build-info-controller
2017-02-22 09:14:37.449  INFO 69668 --- [           main] s.d.s.w.s.ApiListingReferenceScanner     : Request mapping: getQr belongs to groups: [[ResourceGroup{groupName='build-info-controller', position=0, controller=com.chahoo.u4d.api.buildInfo.BuildInfoController}]] 
2017-02-22 09:14:37.449  INFO 69668 --- [           main] s.w.ClassOrApiAnnotationResourceGrouping : Group for method updateQr was build-info-controller
2017-02-22 09:14:37.449  INFO 69668 --- [           main] s.d.s.w.s.ApiListingReferenceScanner     : Request mapping: updateQr belongs to groups: [[ResourceGroup{groupName='build-info-controller', position=0, controller=com.chahoo.u4d.api.buildInfo.BuildInfoController}]] 
2017-02-22 09:14:37.450  INFO 69668 --- [           main] s.w.ClassOrApiAnnotationResourceGrouping : Group for method getQrList was build-info-controller
2017-02-22 09:14:37.450  INFO 69668 --- [           main] s.d.s.w.s.ApiListingReferenceScanner     : Request mapping: getQrList belongs to groups: [[ResourceGroup{groupName='build-info-controller', position=0, controller=com.chahoo.u4d.api.buildInfo.BuildInfoController}]] 
2017-02-22 09:14:37.450  INFO 69668 --- [           main] s.w.ClassOrApiAnnotationResourceGrouping : Group for method createQr was build-info-controller
2017-02-22 09:14:37.450  INFO 69668 --- [           main] s.d.s.w.s.ApiListingReferenceScanner     : Request mapping: createQr belongs to groups: [[ResourceGroup{groupName='build-info-controller', position=0, controller=com.chahoo.u4d.api.buildInfo.BuildInfoController}]] 
2017-02-22 09:14:37.450  INFO 69668 --- [           main] s.d.s.w.s.ApiListingReferenceScanner     : Created resource listing Path: /default/build-info-controller Description: build-info-controller Position: 0
2017-02-22 09:14:37.453  INFO 69668 --- [           main] utoConfigurationReportLoggingInitializer : 

Error starting ApplicationContext. To display the auto-configuration report re-run your application with 'debug' enabled.
2017-02-22 09:14:37.457 ERROR 69668 --- [           main] o.s.boot.SpringApplication               : Application startup failed

java.lang.NoSuchMethodError: com.fasterxml.classmate.TypeBindings.withAdditionalBinding(Ljava/lang/String;Lcom/fasterxml/classmate/ResolvedType;)Lcom/fasterxml/classmate/TypeBindings;
	at springfox.documentation.schema.WildcardType.adjustedTypeBindings(WildcardType.java:137) ~[springfox-core-2.2.2.jar:2.2.2]
	at springfox.documentation.schema.WildcardType.breadthFirstSearch(WildcardType.java:117) ~[springfox-core-2.2.2.jar:2.2.2]
	at springfox.documentation.schema.WildcardType.collectReplaceables(WildcardType.java:74) ~[springfox-core-2.2.2.jar:2.2.2]
	at springfox.documentation.schema.AlternateTypeRule.alternateFor(AlternateTypeRule.java:50) ~[springfox-core-2.2.2.jar:2.2.2]
	at springfox.documentation.spi.schema.AlternateTypeProvider.alternateFor(AlternateTypeProvider.java:44) ~[springfox-spi-2.2.2.jar:2.2.2]
	at springfox.documentation.spi.service.contexts.RequestMappingContext.alternateFor(RequestMappingContext.java:118) ~[springfox-spi-2.2.2.jar:2.2.2]
	at springfox.documentation.spring.web.readers.operation.OperationModelsProvider.collectFromReturnType(OperationModelsProvider.java:70) ~[springfox-spring-web-2.2.2.jar:2.2.2]
	at springfox.documentation.spring.web.readers.operation.OperationModelsProvider.apply(OperationModelsProvider.java:59) ~[springfox-spring-web-2.2.2.jar:2.2.2]
	at springfox.documentation.spring.web.plugins.DocumentationPluginsManager.modelContexts(DocumentationPluginsManager.java:129) ~[springfox-spring-web-2.2.2.jar:2.2.2]
	at springfox.documentation.spring.web.scanners.ApiModelReader.read(ApiModelReader.java:62) ~[springfox-spring-web-2.2.2.jar:2.2.2]
	at springfox.documentation.spring.web.scanners.ApiListingScanner.scan(ApiListingScanner.java:91) ~[springfox-spring-web-2.2.2.jar:2.2.2]
	at springfox.documentation.spring.web.scanners.ApiDocumentationScanner.scan(ApiDocumentationScanner.java:62) ~[springfox-spring-web-2.2.2.jar:2.2.2]
	at springfox.documentation.spring.web.plugins.DocumentationPluginsBootstrapper.scanDocumentation(DocumentationPluginsBootstrapper.java:101) ~[springfox-spring-web-2.2.2.jar:2.2.2]
	at springfox.documentation.spring.web.plugins.DocumentationPluginsBootstrapper.onApplicationEvent(DocumentationPluginsBootstrapper.java:87) ~[springfox-spring-web-2.2.2.jar:2.2.2]
	at springfox.documentation.spring.web.plugins.DocumentationPluginsBootstrapper.onApplicationEvent(DocumentationPluginsBootstrapper.java:50) ~[springfox-spring-web-2.2.2.jar:2.2.2]
	at org.springframework.context.event.SimpleApplicationEventMulticaster.invokeListener(SimpleApplicationEventMulticaster.java:167) ~[spring-context-4.3.6.RELEASE.jar:4.3.6.RELEASE]
	at org.springframework.context.event.SimpleApplicationEventMulticaster.multicastEvent(SimpleApplicationEventMulticaster.java:139) ~[spring-context-4.3.6.RELEASE.jar:4.3.6.RELEASE]
	at org.springframework.context.support.AbstractApplicationContext.publishEvent(AbstractApplicationContext.java:383) ~[spring-context-4.3.6.RELEASE.jar:4.3.6.RELEASE]
	at org.springframework.context.support.AbstractApplicationContext.publishEvent(AbstractApplicationContext.java:337) ~[spring-context-4.3.6.RELEASE.jar:4.3.6.RELEASE]
	at org.springframework.context.support.AbstractApplicationContext.finishRefresh(AbstractApplicationContext.java:882) ~[spring-context-4.3.6.RELEASE.jar:4.3.6.RELEASE]
	at org.springframework.context.support.AbstractApplicationContext.refresh(AbstractApplicationContext.java:545) ~[spring-context-4.3.6.RELEASE.jar:4.3.6.RELEASE]
	at org.springframework.boot.SpringApplication.refresh(SpringApplication.java:737) ~[spring-boot-1.5.1.RELEASE.jar:1.5.1.RELEASE]
	at org.springframework.boot.SpringApplication.refreshContext(SpringApplication.java:370) ~[spring-boot-1.5.1.RELEASE.jar:1.5.1.RELEASE]
	at org.springframework.boot.SpringApplication.run(SpringApplication.java:314) ~[spring-boot-1.5.1.RELEASE.jar:1.5.1.RELEASE]
	at org.springframework.boot.test.context.SpringBootContextLoader.loadContext(SpringBootContextLoader.java:120) [spring-boot-test-1.5.1.RELEASE.jar:1.5.1.RELEASE]
	at org.springframework.test.context.cache.DefaultCacheAwareContextLoaderDelegate.loadContextInternal(DefaultCacheAwareContextLoaderDelegate.java:98) [spring-test-4.3.6.RELEASE.jar:4.3.6.RELEASE]
	at org.springframework.test.context.cache.DefaultCacheAwareContextLoaderDelegate.loadContext(DefaultCacheAwareContextLoaderDelegate.java:116) [spring-test-4.3.6.RELEASE.jar:4.3.6.RELEASE]
	at org.springframework.test.context.support.DefaultTestContext.getApplicationContext(DefaultTestContext.java:83) [spring-test-4.3.6.RELEASE.jar:4.3.6.RELEASE]
	at org.springframework.test.context.web.ServletTestExecutionListener.setUpRequestContextIfNecessary(ServletTestExecutionListener.java:189) [spring-test-4.3.6.RELEASE.jar:4.3.6.RELEASE]
	at org.springframework.test.context.web.ServletTestExecutionListener.prepareTestInstance(ServletTestExecutionListener.java:131) [spring-test-4.3.6.RELEASE.jar:4.3.6.RELEASE]
	at org.springframework.test.context.TestContextManager.prepareTestInstance(TestContextManager.java:230) [spring-test-4.3.6.RELEASE.jar:4.3.6.RELEASE]
	at org.springframework.test.context.junit4.SpringJUnit4ClassRunner.createTest(SpringJUnit4ClassRunner.java:228) [spring-test-4.3.6.RELEASE.jar:4.3.6.RELEASE]
	at org.springframework.test.context.junit4.SpringJUnit4ClassRunner$1.runReflectiveCall(SpringJUnit4ClassRunner.java:287) [spring-test-4.3.6.RELEASE.jar:4.3.6.RELEASE]
	at org.junit.internal.runners.model.ReflectiveCallable.run(ReflectiveCallable.java:12) [junit-4.12.jar:4.12]
	at org.springframework.test.context.junit4.SpringJUnit4ClassRunner.methodBlock(SpringJUnit4ClassRunner.java:289) [spring-test-4.3.6.RELEASE.jar:4.3.6.RELEASE]
	at org.springframework.test.context.junit4.SpringJUnit4ClassRunner.runChild(SpringJUnit4ClassRunner.java:247) [spring-test-4.3.6.RELEASE.jar:4.3.6.RELEASE]
	at org.springframework.test.context.junit4.SpringJUnit4ClassRunner.runChild(SpringJUnit4ClassRunner.java:94) [spring-test-4.3.6.RELEASE.jar:4.3.6.RELEASE]
	at org.junit.runners.ParentRunner$3.run(ParentRunner.java:290) [junit-4.12.jar:4.12]
	at org.junit.runners.ParentRunner$1.schedule(ParentRunner.java:71) [junit-4.12.jar:4.12]
	at org.junit.runners.ParentRunner.runChildren(ParentRunner.java:288) [junit-4.12.jar:4.12]
	at org.junit.runners.ParentRunner.access$000(ParentRunner.java:58) [junit-4.12.jar:4.12]
	at org.junit.runners.ParentRunner$2.evaluate(ParentRunner.java:268) [junit-4.12.jar:4.12]
	at org.springframework.test.context.junit4.statements.RunBeforeTestClassCallbacks.evaluate(RunBeforeTestClassCallbacks.java:61) [spring-test-4.3.6.RELEASE.jar:4.3.6.RELEASE]
	at org.springframework.test.context.junit4.statements.RunAfterTestClassCallbacks.evaluate(RunAfterTestClassCallbacks.java:70) [spring-test-4.3.6.RELEASE.jar:4.3.6.RELEASE]
	at org.junit.runners.ParentRunner.run(ParentRunner.java:363) [junit-4.12.jar:4.12]
	at org.springframework.test.context.junit4.SpringJUnit4ClassRunner.run(SpringJUnit4ClassRunner.java:191) [spring-test-4.3.6.RELEASE.jar:4.3.6.RELEASE]
	at org.apache.maven.surefire.junit4.JUnit4Provider.execute(JUnit4Provider.java:283) [surefire-junit4-2.18.1.jar:2.18.1]
	at org.apache.maven.surefire.junit4.JUnit4Provider.executeWithRerun(JUnit4Provider.java:173) [surefire-junit4-2.18.1.jar:2.18.1]
	at org.apache.maven.surefire.junit4.JUnit4Provider.executeTestSet(JUnit4Provider.java:153) [surefire-junit4-2.18.1.jar:2.18.1]
	at org.apache.maven.surefire.junit4.JUnit4Provider.invoke(JUnit4Provider.java:128) [surefire-junit4-2.18.1.jar:2.18.1]
	at org.apache.maven.surefire.booter.ForkedBooter.invokeProviderInSameClassLoader(ForkedBooter.java:203) [surefire-booter-2.18.1.jar:2.18.1]
	at org.apache.maven.surefire.booter.ForkedBooter.runSuitesInProcess(ForkedBooter.java:155) [surefire-booter-2.18.1.jar:2.18.1]
	at org.apache.maven.surefire.booter.ForkedBooter.main(ForkedBooter.java:103) [surefire-booter-2.18.1.jar:2.18.1]

2017-02-22 09:14:37.458  INFO 69668 --- [           main] o.s.w.c.s.GenericWebApplicationContext   : Closing org.springframework.web.context.support.GenericWebApplicationContext@32f5a26b: startup date [Wed Feb 22 09:14:34 GMT+09:00 2017]; root of context hierarchy
2017-02-22 09:14:37.460  INFO 69668 --- [           main] j.LocalContainerEntityManagerFactoryBean : Closing JPA EntityManagerFactory for persistence unit 'default'
2017-02-22 09:14:37.460  INFO 69668 --- [           main] org.hibernate.tool.hbm2ddl.SchemaExport  : HHH000227: Running hbm2ddl schema export
Hibernate: drop table if exists account cascade
Hibernate: drop table if exists cnst cascade
Hibernate: drop table if exists obst cascade
Hibernate: drop table if exists prod cascade
Hibernate: drop table if exists prod_type cascade
Hibernate: drop table if exists qr cascade
Hibernate: drop table if exists qr_link cascade
Hibernate: drop sequence hibernate_sequence
2017-02-22 09:14:37.521  INFO 69668 --- [           main] org.hibernate.tool.hbm2ddl.SchemaExport  : HHH000230: Schema export complete
2017-02-22 09:14:37.523 ERROR 69668 --- [           main] o.s.test.context.TestContextManager      : Caught exception while allowing TestExecutionListener [org.springframework.test.context.web.ServletTestExecutionListener@1995883f] to prepare test instance [com.chahoo.u4d.U4DApplicationTests@54df485]

java.lang.NoSuchMethodError: com.fasterxml.classmate.TypeBindings.withAdditionalBinding(Ljava/lang/String;Lcom/fasterxml/classmate/ResolvedType;)Lcom/fasterxml/classmate/TypeBindings;
	at springfox.documentation.schema.WildcardType.adjustedTypeBindings(WildcardType.java:137) ~[springfox-core-2.2.2.jar:2.2.2]
	at springfox.documentation.schema.WildcardType.breadthFirstSearch(WildcardType.java:117) ~[springfox-core-2.2.2.jar:2.2.2]
	at springfox.documentation.schema.WildcardType.collectReplaceables(WildcardType.java:74) ~[springfox-core-2.2.2.jar:2.2.2]
	at springfox.documentation.schema.AlternateTypeRule.alternateFor(AlternateTypeRule.java:50) ~[springfox-core-2.2.2.jar:2.2.2]
	at springfox.documentation.spi.schema.AlternateTypeProvider.alternateFor(AlternateTypeProvider.java:44) ~[springfox-spi-2.2.2.jar:2.2.2]
	at springfox.documentation.spi.service.contexts.RequestMappingContext.alternateFor(RequestMappingContext.java:118) ~[springfox-spi-2.2.2.jar:2.2.2]
	at springfox.documentation.spring.web.readers.operation.OperationModelsProvider.collectFromReturnType(OperationModelsProvider.java:70) ~[springfox-spring-web-2.2.2.jar:2.2.2]
	at springfox.documentation.spring.web.readers.operation.OperationModelsProvider.apply(OperationModelsProvider.java:59) ~[springfox-spring-web-2.2.2.jar:2.2.2]
	at springfox.documentation.spring.web.plugins.DocumentationPluginsManager.modelContexts(DocumentationPluginsManager.java:129) ~[springfox-spring-web-2.2.2.jar:2.2.2]
	at springfox.documentation.spring.web.scanners.ApiModelReader.read(ApiModelReader.java:62) ~[springfox-spring-web-2.2.2.jar:2.2.2]
	at springfox.documentation.spring.web.scanners.ApiListingScanner.scan(ApiListingScanner.java:91) ~[springfox-spring-web-2.2.2.jar:2.2.2]
	at springfox.documentation.spring.web.scanners.ApiDocumentationScanner.scan(ApiDocumentationScanner.java:62) ~[springfox-spring-web-2.2.2.jar:2.2.2]
	at springfox.documentation.spring.web.plugins.DocumentationPluginsBootstrapper.scanDocumentation(DocumentationPluginsBootstrapper.java:101) ~[springfox-spring-web-2.2.2.jar:2.2.2]
	at springfox.documentation.spring.web.plugins.DocumentationPluginsBootstrapper.onApplicationEvent(DocumentationPluginsBootstrapper.java:87) ~[springfox-spring-web-2.2.2.jar:2.2.2]
	at springfox.documentation.spring.web.plugins.DocumentationPluginsBootstrapper.onApplicationEvent(DocumentationPluginsBootstrapper.java:50) ~[springfox-spring-web-2.2.2.jar:2.2.2]
	at org.springframework.context.event.SimpleApplicationEventMulticaster.invokeListener(SimpleApplicationEventMulticaster.java:167) ~[spring-context-4.3.6.RELEASE.jar:4.3.6.RELEASE]
	at org.springframework.context.event.SimpleApplicationEventMulticaster.multicastEvent(SimpleApplicationEventMulticaster.java:139) ~[spring-context-4.3.6.RELEASE.jar:4.3.6.RELEASE]
	at org.springframework.context.support.AbstractApplicationContext.publishEvent(AbstractApplicationContext.java:383) ~[spring-context-4.3.6.RELEASE.jar:4.3.6.RELEASE]
	at org.springframework.context.support.AbstractApplicationContext.publishEvent(AbstractApplicationContext.java:337) ~[spring-context-4.3.6.RELEASE.jar:4.3.6.RELEASE]
	at org.springframework.context.support.AbstractApplicationContext.finishRefresh(AbstractApplicationContext.java:882) ~[spring-context-4.3.6.RELEASE.jar:4.3.6.RELEASE]
	at org.springframework.context.support.AbstractApplicationContext.refresh(AbstractApplicationContext.java:545) ~[spring-context-4.3.6.RELEASE.jar:4.3.6.RELEASE]
	at org.springframework.boot.SpringApplication.refresh(SpringApplication.java:737) ~[spring-boot-1.5.1.RELEASE.jar:1.5.1.RELEASE]
	at org.springframework.boot.SpringApplication.refreshContext(SpringApplication.java:370) ~[spring-boot-1.5.1.RELEASE.jar:1.5.1.RELEASE]
	at org.springframework.boot.SpringApplication.run(SpringApplication.java:314) ~[spring-boot-1.5.1.RELEASE.jar:1.5.1.RELEASE]
	at org.springframework.boot.test.context.SpringBootContextLoader.loadContext(SpringBootContextLoader.java:120) ~[spring-boot-test-1.5.1.RELEASE.jar:1.5.1.RELEASE]
	at org.springframework.test.context.cache.DefaultCacheAwareContextLoaderDelegate.loadContextInternal(DefaultCacheAwareContextLoaderDelegate.java:98) ~[spring-test-4.3.6.RELEASE.jar:4.3.6.RELEASE]
	at org.springframework.test.context.cache.DefaultCacheAwareContextLoaderDelegate.loadContext(DefaultCacheAwareContextLoaderDelegate.java:116) ~[spring-test-4.3.6.RELEASE.jar:4.3.6.RELEASE]
	at org.springframework.test.context.support.DefaultTestContext.getApplicationContext(DefaultTestContext.java:83) ~[spring-test-4.3.6.RELEASE.jar:4.3.6.RELEASE]
	at org.springframework.test.context.web.ServletTestExecutionListener.setUpRequestContextIfNecessary(ServletTestExecutionListener.java:189) ~[spring-test-4.3.6.RELEASE.jar:4.3.6.RELEASE]
	at org.springframework.test.context.web.ServletTestExecutionListener.prepareTestInstance(ServletTestExecutionListener.java:131) ~[spring-test-4.3.6.RELEASE.jar:4.3.6.RELEASE]
	at org.springframework.test.context.TestContextManager.prepareTestInstance(TestContextManager.java:230) ~[spring-test-4.3.6.RELEASE.jar:4.3.6.RELEASE]
	at org.springframework.test.context.junit4.SpringJUnit4ClassRunner.createTest(SpringJUnit4ClassRunner.java:228) [spring-test-4.3.6.RELEASE.jar:4.3.6.RELEASE]
	at org.springframework.test.context.junit4.SpringJUnit4ClassRunner$1.runReflectiveCall(SpringJUnit4ClassRunner.java:287) [spring-test-4.3.6.RELEASE.jar:4.3.6.RELEASE]
	at org.junit.internal.runners.model.ReflectiveCallable.run(ReflectiveCallable.java:12) [junit-4.12.jar:4.12]
	at org.springframework.test.context.junit4.SpringJUnit4ClassRunner.methodBlock(SpringJUnit4ClassRunner.java:289) [spring-test-4.3.6.RELEASE.jar:4.3.6.RELEASE]
	at org.springframework.test.context.junit4.SpringJUnit4ClassRunner.runChild(SpringJUnit4ClassRunner.java:247) [spring-test-4.3.6.RELEASE.jar:4.3.6.RELEASE]
	at org.springframework.test.context.junit4.SpringJUnit4ClassRunner.runChild(SpringJUnit4ClassRunner.java:94) [spring-test-4.3.6.RELEASE.jar:4.3.6.RELEASE]
	at org.junit.runners.ParentRunner$3.run(ParentRunner.java:290) [junit-4.12.jar:4.12]
	at org.junit.runners.ParentRunner$1.schedule(ParentRunner.java:71) [junit-4.12.jar:4.12]
	at org.junit.runners.ParentRunner.runChildren(ParentRunner.java:288) [junit-4.12.jar:4.12]
	at org.junit.runners.ParentRunner.access$000(ParentRunner.java:58) [junit-4.12.jar:4.12]
	at org.junit.runners.ParentRunner$2.evaluate(ParentRunner.java:268) [junit-4.12.jar:4.12]
	at org.springframework.test.context.junit4.statements.RunBeforeTestClassCallbacks.evaluate(RunBeforeTestClassCallbacks.java:61) [spring-test-4.3.6.RELEASE.jar:4.3.6.RELEASE]
	at org.springframework.test.context.junit4.statements.RunAfterTestClassCallbacks.evaluate(RunAfterTestClassCallbacks.java:70) [spring-test-4.3.6.RELEASE.jar:4.3.6.RELEASE]
	at org.junit.runners.ParentRunner.run(ParentRunner.java:363) [junit-4.12.jar:4.12]
	at org.springframework.test.context.junit4.SpringJUnit4ClassRunner.run(SpringJUnit4ClassRunner.java:191) [spring-test-4.3.6.RELEASE.jar:4.3.6.RELEASE]
	at org.apache.maven.surefire.junit4.JUnit4Provider.execute(JUnit4Provider.java:283) [surefire-junit4-2.18.1.jar:2.18.1]
	at org.apache.maven.surefire.junit4.JUnit4Provider.executeWithRerun(JUnit4Provider.java:173) [surefire-junit4-2.18.1.jar:2.18.1]
	at org.apache.maven.surefire.junit4.JUnit4Provider.executeTestSet(JUnit4Provider.java:153) [surefire-junit4-2.18.1.jar:2.18.1]
	at org.apache.maven.surefire.junit4.JUnit4Provider.invoke(JUnit4Provider.java:128) [surefire-junit4-2.18.1.jar:2.18.1]
	at org.apache.maven.surefire.booter.ForkedBooter.invokeProviderInSameClassLoader(ForkedBooter.java:203) [surefire-booter-2.18.1.jar:2.18.1]
	at org.apache.maven.surefire.booter.ForkedBooter.runSuitesInProcess(ForkedBooter.java:155) [surefire-booter-2.18.1.jar:2.18.1]
	at org.apache.maven.surefire.booter.ForkedBooter.main(ForkedBooter.java:103) [surefire-booter-2.18.1.jar:2.18.1]

]]></system-out>
  </testcase>
</testsuite>